# JRE version: Java(TM) SE Runtime Environment (8.0_231-b11) (build 1.8.0_231-b11)
# Java VM: Java HotSpot(TM) 64-Bit Server VM (25.231-b11 mixed mode windows-amd64 compressed oops)
Heap:
 PSYoungGen      total 161280K, used 59429K [0x00000000eb400000, 0x00000000f8e00000, 0x0000000100000000)
  eden space 152064K, 33% used [0x00000000eb400000,0x00000000ee50b640,0x00000000f4880000)
  from space 9216K, 99% used [0x00000000f4880000,0x00000000f517e090,0x00000000f5180000)
  to   space 12288K, 0% used [0x00000000f8200000,0x00000000f8200000,0x00000000f8e00000)
 ParOldGen       total 54784K, used 22462K [0x00000000c1c00000, 0x00000000c5180000, 0x00000000eb400000)
  object space 54784K, 41% used [0x00000000c1c00000,0x00000000c31ef8a8,0x00000000c5180000)
 Metaspace       used 44589K, capacity 46522K, committed 46808K, reserved 1089536K
  class space    used 5694K, capacity 6039K, committed 6144K, reserved 1048576K
GC Heap History (10 events):
Event: 19.046 GC heap before
{Heap before GC invocations=13 (full 1):
 PSYoungGen      total 96768K, used 40679K [0x00000000eb400000, 0x00000000f3e00000, 0x0000000100000000)
  eden space 88064K, 38% used [0x00000000eb400000,0x00000000ed4c2e80,0x00000000f0a00000)
  from space 8704K, 81% used [0x00000000f0a00000,0x00000000f10f6e68,0x00000000f1280000)
  to   space 9216K, 0% used [0x00000000f3500000,0x00000000f3500000,0x00000000f3e00000)
 ParOldGen       total 33280K, used 19108K [0x00000000c1c00000, 0x00000000c3c80000, 0x00000000eb400000)
  object space 33280K, 57% used [0x00000000c1c00000,0x00000000c2ea9040,0x00000000c3c80000)
 Metaspace       used 34090K, capacity 35298K, committed 35416K, reserved 1079296K
  class space    used 4365K, capacity 4643K, committed 4736K, reserved 1048576K
Event: 19.064 GC heap after
Heap after GC invocations=13 (full 1):
 PSYoungGen      total 131072K, used 2224K [0x00000000eb400000, 0x00000000f3d80000, 0x0000000100000000)
  eden space 122368K, 0% used [0x00000000eb400000,0x00000000eb400000,0x00000000f2b80000)
  from space 8704K, 25% used [0x00000000f3500000,0x00000000f372c2c0,0x00000000f3d80000)
  to   space 9216K, 0% used [0x00000000f2b80000,0x00000000f2b80000,0x00000000f3480000)
 ParOldGen       total 33280K, used 22560K [0x00000000c1c00000, 0x00000000c3c80000, 0x00000000eb400000)
  object space 33280K, 67% used [0x00000000c1c00000,0x00000000c3208050,0x00000000c3c80000)
 Metaspace       used 34090K, capacity 35298K, committed 35416K, reserved 1079296K
  class space    used 4365K, capacity 4643K, committed 4736K, reserved 1048576K
}
Event: 19.064 GC heap before
{Heap before GC invocations=14 (full 2):
 PSYoungGen      total 131072K, used 2224K [0x00000000eb400000, 0x00000000f3d80000, 0x0000000100000000)
  eden space 122368K, 0% used [0x00000000eb400000,0x00000000eb400000,0x00000000f2b80000)
  from space 8704K, 25% used [0x00000000f3500000,0x00000000f372c2c0,0x00000000f3d80000)
  to   space 9216K, 0% used [0x00000000f2b80000,0x00000000f2b80000,0x00000000f3480000)
 ParOldGen       total 33280K, used 22560K [0x00000000c1c00000, 0x00000000c3c80000, 0x00000000eb400000)
  object space 33280K, 67% used [0x00000000c1c00000,0x00000000c3208050,0x00000000c3c80000)
 Metaspace       used 34090K, capacity 35298K, committed 35416K, reserved 1079296K
  class space    used 4365K, capacity 4643K, committed 4736K, reserved 1048576K
Event: 19.276 GC heap after
Heap after GC invocations=14 (full 2):
 PSYoungGen      total 131072K, used 0K [0x00000000eb400000, 0x00000000f3d80000, 0x0000000100000000)
  eden space 122368K, 0% used [0x00000000eb400000,0x00000000eb400000,0x00000000f2b80000)
  from space 8704K, 0% used [0x00000000f3500000,0x00000000f3500000,0x00000000f3d80000)
  to   space 9216K, 0% used [0x00000000f2b80000,0x00000000f2b80000,0x00000000f3480000)
 ParOldGen       total 54784K, used 17977K [0x00000000c1c00000, 0x00000000c5180000, 0x00000000eb400000)
  object space 54784K, 32% used [0x00000000c1c00000,0x00000000c2d8e658,0x00000000c5180000)
 Metaspace       used 34090K, capacity 35298K, committed 35416K, reserved 1079296K
  class space    used 4365K, capacity 4643K, committed 4736K, reserved 1048576K
}
Event: 20.042 GC heap before
{Heap before GC invocations=15 (full 2):
 PSYoungGen      total 131072K, used 122368K [0x00000000eb400000, 0x00000000f3d80000, 0x0000000100000000)
  eden space 122368K, 100% used [0x00000000eb400000,0x00000000f2b80000,0x00000000f2b80000)
  from space 8704K, 0% used [0x00000000f3500000,0x00000000f3500000,0x00000000f3d80000)
  to   space 9216K, 0% used [0x00000000f2b80000,0x00000000f2b80000,0x00000000f3480000)
 ParOldGen       total 54784K, used 17977K [0x00000000c1c00000, 0x00000000c5180000, 0x00000000eb400000)
  object space 54784K, 32% used [0x00000000c1c00000,0x00000000c2d8e658,0x00000000c5180000)
 Metaspace       used 36055K, capacity 37312K, committed 37592K, reserved 1081344K
  class space    used 4556K, capacity 4814K, committed 4864K, reserved 1048576K
Event: 20.049 GC heap after
Heap after GC invocations=15 (full 2):
 PSYoungGen      total 131584K, used 2443K [0x00000000eb400000, 0x00000000f5d80000, 0x0000000100000000)
  eden space 122368K, 0% used [0x00000000eb400000,0x00000000eb400000,0x00000000f2b80000)
  from space 9216K, 26% used [0x00000000f2b80000,0x00000000f2de2f48,0x00000000f3480000)
  to   space 9216K, 0% used [0x00000000f5480000,0x00000000f5480000,0x00000000f5d80000)
 ParOldGen       total 54784K, used 17985K [0x00000000c1c00000, 0x00000000c5180000, 0x00000000eb400000)
  object space 54784K, 32% used [0x00000000c1c00000,0x00000000c2d90658,0x00000000c5180000)
 Metaspace       used 36055K, capacity 37312K, committed 37592K, reserved 1081344K
  class space    used 4556K, capacity 4814K, committed 4864K, reserved 1048576K
}
Event: 21.230 GC heap before
{Heap before GC invocations=16 (full 2):
 PSYoungGen      total 131584K, used 124811K [0x00000000eb400000, 0x00000000f5d80000, 0x0000000100000000)
  eden space 122368K, 100% used [0x00000000eb400000,0x00000000f2b80000,0x00000000f2b80000)
  from space 9216K, 26% used [0x00000000f2b80000,0x00000000f2de2f48,0x00000000f3480000)
  to   space 9216K, 0% used [0x00000000f5480000,0x00000000f5480000,0x00000000f5d80000)
 ParOldGen       total 54784K, used 17985K [0x00000000c1c00000, 0x00000000c5180000, 0x00000000eb400000)
  object space 54784K, 32% used [0x00000000c1c00000,0x00000000c2d90658,0x00000000c5180000)
 Metaspace       used 38990K, capacity 40302K, committed 40664K, reserved 1085440K
  class space    used 5014K, capacity 5297K, committed 5376K, reserved 1048576K
Event: 21.241 GC heap after
Heap after GC invocations=16 (full 2):
 PSYoungGen      total 158208K, used 5988K [0x00000000eb400000, 0x00000000f5a80000, 0x0000000100000000)
  eden space 152064K, 0% used [0x00000000eb400000,0x00000000eb400000,0x00000000f4880000)
  from space 6144K, 97% used [0x00000000f5480000,0x00000000f5a591c8,0x00000000f5a80000)
  to   space 9216K, 0% used [0x00000000f4880000,0x00000000f4880000,0x00000000f5180000)
 ParOldGen       total 54784K, used 17993K [0x00000000c1c00000, 0x00000000c5180000, 0x00000000eb400000)
  object space 54784K, 32% used [0x00000000c1c00000,0x00000000c2d92658,0x00000000c5180000)
 Metaspace       used 38990K, capacity 40302K, committed 40664K, reserved 1085440K
  class space    used 5014K, capacity 5297K, committed 5376K, reserved 1048576K
}
Event: 23.719 GC heap before
{Heap before GC invocations=17 (full 2):
 PSYoungGen      total 158208K, used 158052K [0x00000000eb400000, 0x00000000f5a80000, 0x0000000100000000)
  eden space 152064K, 100% used [0x00000000eb400000,0x00000000f4880000,0x00000000f4880000)
  from space 6144K, 97% used [0x00000000f5480000,0x00000000f5a591c8,0x00000000f5a80000)
  to   space 9216K, 0% used [0x00000000f4880000,0x00000000f4880000,0x00000000f5180000)
 ParOldGen       total 54784K, used 17993K [0x00000000c1c00000, 0x00000000c5180000, 0x00000000eb400000)
  object space 54784K, 32% used [0x00000000c1c00000,0x00000000c2d92658,0x00000000c5180000)
 Metaspace       used 43909K, capacity 45504K, committed 45528K, reserved 1089536K
  class space    used 5574K, capacity 5878K, committed 5888K, reserved 1048576K
Event: 23.860 GC heap after
Heap after GC invocations=17 (full 2):
 PSYoungGen      total 161280K, used 9208K [0x00000000eb400000, 0x00000000f8e00000, 0x0000000100000000)
  eden space 152064K, 0% used [0x00000000eb400000,0x00000000eb400000,0x00000000f4880000)
  from space 9216K, 99% used [0x00000000f4880000,0x00000000f517e090,0x00000000f5180000)
  to   space 12288K, 0% used [0x00000000f8200000,0x00000000f8200000,0x00000000f8e00000)
 ParOldGen       total 54784K, used 22462K [0x00000000c1c00000, 0x00000000c5180000, 0x00000000eb400000)
  object space 54784K, 41% used [0x00000000c1c00000,0x00000000c31ef8a8,0x00000000c5180000)
 Metaspace       used 43909K, capacity 45504K, committed 45528K, reserved 1089536K
  class space    used 5574K, capacity 5878K, committed 5888K, reserved 1048576K
}

