# JRE version: Java(TM) SE Runtime Environment (8.0_231-b11) (build 1.8.0_231-b11)
# Java VM: Java HotSpot(TM) 64-Bit Server VM (25.231-b11 mixed mode windows-amd64 compressed oops)
Heap:
 PSYoungGen      total 158208K, used 122891K [0x00000000eb400000, 0x00000000f5b80000, 0x0000000100000000)
  eden space 144384K, 75% used [0x00000000eb400000,0x00000000f1e84f18,0x00000000f4100000)
  from space 13824K, 99% used [0x00000000f4e00000,0x00000000f5b7e080,0x00000000f5b80000)
  to   space 13312K, 0% used [0x00000000f4100000,0x00000000f4100000,0x00000000f4e00000)
 ParOldGen       total 66560K, used 22225K [0x00000000c1c00000, 0x00000000c5d00000, 0x00000000eb400000)
  object space 66560K, 33% used [0x00000000c1c00000,0x00000000c31b4740,0x00000000c5d00000)
 Metaspace       used 49528K, capacity 51800K, committed 51928K, reserved 1093632K
  class space    used 6471K, capacity 6888K, committed 6912K, reserved 1048576K
GC Heap History (10 events):
Event: 12.205 GC heap before
{Heap before GC invocations=12 (full 2):
 PSYoungGen      total 133120K, used 10738K [0x00000000eb400000, 0x00000000f6c00000, 0x0000000100000000)
  eden space 122368K, 0% used [0x00000000eb400000,0x00000000eb400000,0x00000000f2b80000)
  from space 10752K, 99% used [0x00000000f3900000,0x00000000f437cb30,0x00000000f4380000)
  to   space 13824K, 0% used [0x00000000f2b80000,0x00000000f2b80000,0x00000000f3900000)
 ParOldGen       total 36864K, used 20413K [0x00000000c1c00000, 0x00000000c4000000, 0x00000000eb400000)
  object space 36864K, 55% used [0x00000000c1c00000,0x00000000c2fef438,0x00000000c4000000)
 Metaspace       used 34110K, capacity 35298K, committed 35416K, reserved 1079296K
  class space    used 4370K, capacity 4643K, committed 4736K, reserved 1048576K
Event: 12.511 GC heap after
Heap after GC invocations=12 (full 2):
 PSYoungGen      total 133120K, used 0K [0x00000000eb400000, 0x00000000f6c00000, 0x0000000100000000)
  eden space 122368K, 0% used [0x00000000eb400000,0x00000000eb400000,0x00000000f2b80000)
  from space 10752K, 0% used [0x00000000f3900000,0x00000000f3900000,0x00000000f4380000)
  to   space 13824K, 0% used [0x00000000f2b80000,0x00000000f2b80000,0x00000000f3900000)
 ParOldGen       total 66560K, used 19984K [0x00000000c1c00000, 0x00000000c5d00000, 0x00000000eb400000)
  object space 66560K, 30% used [0x00000000c1c00000,0x00000000c2f84240,0x00000000c5d00000)
 Metaspace       used 34110K, capacity 35298K, committed 35416K, reserved 1079296K
  class space    used 4370K, capacity 4643K, committed 4736K, reserved 1048576K
}
Event: 13.603 GC heap before
{Heap before GC invocations=13 (full 2):
 PSYoungGen      total 133120K, used 122368K [0x00000000eb400000, 0x00000000f6c00000, 0x0000000100000000)
  eden space 122368K, 100% used [0x00000000eb400000,0x00000000f2b80000,0x00000000f2b80000)
  from space 10752K, 0% used [0x00000000f3900000,0x00000000f3900000,0x00000000f4380000)
  to   space 13824K, 0% used [0x00000000f2b80000,0x00000000f2b80000,0x00000000f3900000)
 ParOldGen       total 66560K, used 19984K [0x00000000c1c00000, 0x00000000c5d00000, 0x00000000eb400000)
  object space 66560K, 30% used [0x00000000c1c00000,0x00000000c2f84240,0x00000000c5d00000)
 Metaspace       used 36054K, capacity 37312K, committed 37592K, reserved 1081344K
  class space    used 4560K, capacity 4814K, committed 4864K, reserved 1048576K
Event: 13.609 GC heap after
Heap after GC invocations=13 (full 2):
 PSYoungGen      total 136192K, used 2434K [0x00000000eb400000, 0x00000000f5b80000, 0x0000000100000000)
  eden space 122368K, 0% used [0x00000000eb400000,0x00000000eb400000,0x00000000f2b80000)
  from space 13824K, 17% used [0x00000000f2b80000,0x00000000f2de08a0,0x00000000f3900000)
  to   space 13824K, 0% used [0x00000000f4e00000,0x00000000f4e00000,0x00000000f5b80000)
 ParOldGen       total 66560K, used 19992K [0x00000000c1c00000, 0x00000000c5d00000, 0x00000000eb400000)
  object space 66560K, 30% used [0x00000000c1c00000,0x00000000c2f86240,0x00000000c5d00000)
 Metaspace       used 36054K, capacity 37312K, committed 37592K, reserved 1081344K
  class space    used 4560K, capacity 4814K, committed 4864K, reserved 1048576K
}
Event: 15.157 GC heap before
{Heap before GC invocations=14 (full 2):
 PSYoungGen      total 136192K, used 124802K [0x00000000eb400000, 0x00000000f5b80000, 0x0000000100000000)
  eden space 122368K, 100% used [0x00000000eb400000,0x00000000f2b80000,0x00000000f2b80000)
  from space 13824K, 17% used [0x00000000f2b80000,0x00000000f2de08a0,0x00000000f3900000)
  to   space 13824K, 0% used [0x00000000f4e00000,0x00000000f4e00000,0x00000000f5b80000)
 ParOldGen       total 66560K, used 19992K [0x00000000c1c00000, 0x00000000c5d00000, 0x00000000eb400000)
  object space 66560K, 30% used [0x00000000c1c00000,0x00000000c2f86240,0x00000000c5d00000)
 Metaspace       used 38661K, capacity 39974K, committed 40152K, reserved 1083392K
  class space    used 4973K, capacity 5271K, committed 5376K, reserved 1048576K
Event: 15.181 GC heap after
Heap after GC invocations=14 (full 2):
 PSYoungGen      total 158208K, used 5589K [0x00000000eb400000, 0x00000000f5b80000, 0x0000000100000000)
  eden space 144384K, 0% used [0x00000000eb400000,0x00000000eb400000,0x00000000f4100000)
  from space 13824K, 40% used [0x00000000f4e00000,0x00000000f5375528,0x00000000f5b80000)
  to   space 13312K, 0% used [0x00000000f4100000,0x00000000f4100000,0x00000000f4e00000)
 ParOldGen       total 66560K, used 19992K [0x00000000c1c00000, 0x00000000c5d00000, 0x00000000eb400000)
  object space 66560K, 30% used [0x00000000c1c00000,0x00000000c2f86240,0x00000000c5d00000)
 Metaspace       used 38661K, capacity 39974K, committed 40152K, reserved 1083392K
  class space    used 4973K, capacity 5271K, committed 5376K, reserved 1048576K
}
Event: 18.219 GC heap before
{Heap before GC invocations=15 (full 2):
 PSYoungGen      total 158208K, used 149973K [0x00000000eb400000, 0x00000000f5b80000, 0x0000000100000000)
  eden space 144384K, 100% used [0x00000000eb400000,0x00000000f4100000,0x00000000f4100000)
  from space 13824K, 40% used [0x00000000f4e00000,0x00000000f5375528,0x00000000f5b80000)
  to   space 13312K, 0% used [0x00000000f4100000,0x00000000f4100000,0x00000000f4e00000)
 ParOldGen       total 66560K, used 19992K [0x00000000c1c00000, 0x00000000c5d00000, 0x00000000eb400000)
  object space 66560K, 30% used [0x00000000c1c00000,0x00000000c2f86240,0x00000000c5d00000)
 Metaspace       used 43204K, capacity 44768K, committed 45016K, reserved 1089536K
  class space    used 5514K, capacity 5846K, committed 5888K, reserved 1048576K
Event: 18.248 GC heap after
Heap after GC invocations=15 (full 2):
 PSYoungGen      total 157696K, used 13128K [0x00000000eb400000, 0x00000000f5b80000, 0x0000000100000000)
  eden space 144384K, 0% used [0x00000000eb400000,0x00000000eb400000,0x00000000f4100000)
  from space 13312K, 98% used [0x00000000f4100000,0x00000000f4dd2288,0x00000000f4e00000)
  to   space 13824K, 0% used [0x00000000f4e00000,0x00000000f4e00000,0x00000000f5b80000)
 ParOldGen       total 66560K, used 20000K [0x00000000c1c00000, 0x00000000c5d00000, 0x00000000eb400000)
  object space 66560K, 30% used [0x00000000c1c00000,0x00000000c2f88240,0x00000000c5d00000)
 Metaspace       used 43204K, capacity 44768K, committed 45016K, reserved 1089536K
  class space    used 5514K, capacity 5846K, committed 5888K, reserved 1048576K
}
Event: 21.416 GC heap before
{Heap before GC invocations=16 (full 2):
 PSYoungGen      total 157696K, used 157512K [0x00000000eb400000, 0x00000000f5b80000, 0x0000000100000000)
  eden space 144384K, 100% used [0x00000000eb400000,0x00000000f4100000,0x00000000f4100000)
  from space 13312K, 98% used [0x00000000f4100000,0x00000000f4dd2288,0x00000000f4e00000)
  to   space 13824K, 0% used [0x00000000f4e00000,0x00000000f4e00000,0x00000000f5b80000)
 ParOldGen       total 66560K, used 20000K [0x00000000c1c00000, 0x00000000c5d00000, 0x00000000eb400000)
  object space 66560K, 30% used [0x00000000c1c00000,0x00000000c2f88240,0x00000000c5d00000)
 Metaspace       used 46374K, capacity 48486K, committed 48600K, reserved 1091584K
  class space    used 5993K, capacity 6383K, committed 6400K, reserved 1048576K
Event: 21.455 GC heap after
Heap after GC invocations=16 (full 2):
 PSYoungGen      total 158208K, used 13816K [0x00000000eb400000, 0x00000000f5b80000, 0x0000000100000000)
  eden space 144384K, 0% used [0x00000000eb400000,0x00000000eb400000,0x00000000f4100000)
  from space 13824K, 99% used [0x00000000f4e00000,0x00000000f5b7e080,0x00000000f5b80000)
  to   space 13312K, 0% used [0x00000000f4100000,0x00000000f4100000,0x00000000f4e00000)
 ParOldGen       total 66560K, used 22225K [0x00000000c1c00000, 0x00000000c5d00000, 0x00000000eb400000)
  object space 66560K, 33% used [0x00000000c1c00000,0x00000000c31b4740,0x00000000c5d00000)
 Metaspace       used 46374K, capacity 48486K, committed 48600K, reserved 1091584K
  class space    used 5993K, capacity 6383K, committed 6400K, reserved 1048576K
}

