# JRE version: Java(TM) SE Runtime Environment (8.0_231-b11) (build 1.8.0_231-b11)
# Java VM: Java HotSpot(TM) 64-Bit Server VM (25.231-b11 mixed mode windows-amd64 compressed oops)
Heap:
 PSYoungGen      total 144896K, used 88051K [0x00000000eb400000, 0x00000000f4c00000, 0x0000000100000000)
  eden space 137216K, 60% used [0x00000000eb400000,0x00000000f04caec8,0x00000000f3a00000)
  from space 7680K, 69% used [0x00000000f4480000,0x00000000f49b1eb0,0x00000000f4c00000)
  to   space 9216K, 0% used [0x00000000f3a00000,0x00000000f3a00000,0x00000000f4300000)
 ParOldGen       total 32768K, used 18253K [0x00000000c1c00000, 0x00000000c3c00000, 0x00000000eb400000)
  object space 32768K, 55% used [0x00000000c1c00000,0x00000000c2dd34a8,0x00000000c3c00000)
 Metaspace       used 41816K, capacity 43198K, committed 43224K, reserved 1087488K
  class space    used 5323K, capacity 5631K, committed 5632K, reserved 1048576K
GC Heap History (10 events):
Event: 9.041 GC heap before
{Heap before GC invocations=12 (full 1):
 PSYoungGen      total 94720K, used 94688K [0x00000000eb400000, 0x00000000f1c00000, 0x0000000100000000)
  eden space 87552K, 100% used [0x00000000eb400000,0x00000000f0980000,0x00000000f0980000)
  from space 7168K, 99% used [0x00000000f1200000,0x00000000f18f8030,0x00000000f1900000)
  to   space 8704K, 0% used [0x00000000f0980000,0x00000000f0980000,0x00000000f1200000)
 ParOldGen       total 32768K, used 13314K [0x00000000c1c00000, 0x00000000c3c00000, 0x00000000eb400000)
  object space 32768K, 40% used [0x00000000c1c00000,0x00000000c2900bd0,0x00000000c3c00000)
 Metaspace       used 31811K, capacity 32944K, committed 33024K, reserved 1077248K
  class space    used 4051K, capacity 4288K, committed 4352K, reserved 1048576K
Event: 9.062 GC heap after
Heap after GC invocations=12 (full 1):
 PSYoungGen      total 96256K, used 7202K [0x00000000eb400000, 0x00000000f3980000, 0x0000000100000000)
  eden space 87552K, 0% used [0x00000000eb400000,0x00000000eb400000,0x00000000f0980000)
  from space 8704K, 82% used [0x00000000f0980000,0x00000000f1088950,0x00000000f1200000)
  to   space 9216K, 0% used [0x00000000f3080000,0x00000000f3080000,0x00000000f3980000)
 ParOldGen       total 32768K, used 20168K [0x00000000c1c00000, 0x00000000c3c00000, 0x00000000eb400000)
  object space 32768K, 61% used [0x00000000c1c00000,0x00000000c2fb20a8,0x00000000c3c00000)
 Metaspace       used 31811K, capacity 32944K, committed 33024K, reserved 1077248K
  class space    used 4051K, capacity 4288K, committed 4352K, reserved 1048576K
}
Event: 9.706 GC heap before
{Heap before GC invocations=13 (full 1):
 PSYoungGen      total 96256K, used 42950K [0x00000000eb400000, 0x00000000f3980000, 0x0000000100000000)
  eden space 87552K, 40% used [0x00000000eb400000,0x00000000ed6e9018,0x00000000f0980000)
  from space 8704K, 82% used [0x00000000f0980000,0x00000000f1088950,0x00000000f1200000)
  to   space 9216K, 0% used [0x00000000f3080000,0x00000000f3080000,0x00000000f3980000)
 ParOldGen       total 32768K, used 20168K [0x00000000c1c00000, 0x00000000c3c00000, 0x00000000eb400000)
  object space 32768K, 61% used [0x00000000c1c00000,0x00000000c2fb20a8,0x00000000c3c00000)
 Metaspace       used 34073K, capacity 35298K, committed 35416K, reserved 1079296K
  class space    used 4366K, capacity 4643K, committed 4736K, reserved 1048576K
Event: 9.724 GC heap after
Heap after GC invocations=13 (full 1):
 PSYoungGen      total 126976K, used 2319K [0x00000000eb400000, 0x00000000f3c00000, 0x0000000100000000)
  eden space 117760K, 0% used [0x00000000eb400000,0x00000000eb400000,0x00000000f2700000)
  from space 9216K, 25% used [0x00000000f3080000,0x00000000f32c3ed0,0x00000000f3980000)
  to   space 9728K, 0% used [0x00000000f2700000,0x00000000f2700000,0x00000000f3080000)
 ParOldGen       total 32768K, used 23652K [0x00000000c1c00000, 0x00000000c3c00000, 0x00000000eb400000)
  object space 32768K, 72% used [0x00000000c1c00000,0x00000000c33190b8,0x00000000c3c00000)
 Metaspace       used 34073K, capacity 35298K, committed 35416K, reserved 1079296K
  class space    used 4366K, capacity 4643K, committed 4736K, reserved 1048576K
}
Event: 9.724 GC heap before
{Heap before GC invocations=14 (full 2):
 PSYoungGen      total 126976K, used 2319K [0x00000000eb400000, 0x00000000f3c00000, 0x0000000100000000)
  eden space 117760K, 0% used [0x00000000eb400000,0x00000000eb400000,0x00000000f2700000)
  from space 9216K, 25% used [0x00000000f3080000,0x00000000f32c3ed0,0x00000000f3980000)
  to   space 9728K, 0% used [0x00000000f2700000,0x00000000f2700000,0x00000000f3080000)
 ParOldGen       total 32768K, used 23652K [0x00000000c1c00000, 0x00000000c3c00000, 0x00000000eb400000)
  object space 32768K, 72% used [0x00000000c1c00000,0x00000000c33190b8,0x00000000c3c00000)
 Metaspace       used 34073K, capacity 35298K, committed 35416K, reserved 1079296K
  class space    used 4366K, capacity 4643K, committed 4736K, reserved 1048576K
Event: 10.066 GC heap after
Heap after GC invocations=14 (full 2):
 PSYoungGen      total 126976K, used 0K [0x00000000eb400000, 0x00000000f3c00000, 0x0000000100000000)
  eden space 117760K, 0% used [0x00000000eb400000,0x00000000eb400000,0x00000000f2700000)
  from space 9216K, 0% used [0x00000000f3080000,0x00000000f3080000,0x00000000f3980000)
  to   space 9728K, 0% used [0x00000000f2700000,0x00000000f2700000,0x00000000f3080000)
 ParOldGen       total 32768K, used 18237K [0x00000000c1c00000, 0x00000000c3c00000, 0x00000000eb400000)
  object space 32768K, 55% used [0x00000000c1c00000,0x00000000c2dcf4a8,0x00000000c3c00000)
 Metaspace       used 34073K, capacity 35298K, committed 35416K, reserved 1079296K
  class space    used 4366K, capacity 4643K, committed 4736K, reserved 1048576K
}
Event: 10.934 GC heap before
{Heap before GC invocations=15 (full 2):
 PSYoungGen      total 126976K, used 117760K [0x00000000eb400000, 0x00000000f3c00000, 0x0000000100000000)
  eden space 117760K, 100% used [0x00000000eb400000,0x00000000f2700000,0x00000000f2700000)
  from space 9216K, 0% used [0x00000000f3080000,0x00000000f3080000,0x00000000f3980000)
  to   space 9728K, 0% used [0x00000000f2700000,0x00000000f2700000,0x00000000f3080000)
 ParOldGen       total 32768K, used 18237K [0x00000000c1c00000, 0x00000000c3c00000, 0x00000000eb400000)
  object space 32768K, 55% used [0x00000000c1c00000,0x00000000c2dcf4a8,0x00000000c3c00000)
 Metaspace       used 35996K, capacity 37248K, committed 37336K, reserved 1081344K
  class space    used 4555K, capacity 4814K, committed 4864K, reserved 1048576K
Event: 10.938 GC heap after
Heap after GC invocations=15 (full 2):
 PSYoungGen      total 127488K, used 2452K [0x00000000eb400000, 0x00000000f4d80000, 0x0000000100000000)
  eden space 117760K, 0% used [0x00000000eb400000,0x00000000eb400000,0x00000000f2700000)
  from space 9728K, 25% used [0x00000000f2700000,0x00000000f2965118,0x00000000f3080000)
  to   space 9216K, 0% used [0x00000000f4480000,0x00000000f4480000,0x00000000f4d80000)
 ParOldGen       total 32768K, used 18245K [0x00000000c1c00000, 0x00000000c3c00000, 0x00000000eb400000)
  object space 32768K, 55% used [0x00000000c1c00000,0x00000000c2dd14a8,0x00000000c3c00000)
 Metaspace       used 35996K, capacity 37248K, committed 37336K, reserved 1081344K
  class space    used 4555K, capacity 4814K, committed 4864K, reserved 1048576K
}
Event: 11.970 GC heap before
{Heap before GC invocations=16 (full 2):
 PSYoungGen      total 127488K, used 120212K [0x00000000eb400000, 0x00000000f4d80000, 0x0000000100000000)
  eden space 117760K, 100% used [0x00000000eb400000,0x00000000f2700000,0x00000000f2700000)
  from space 9728K, 25% used [0x00000000f2700000,0x00000000f2965118,0x00000000f3080000)
  to   space 9216K, 0% used [0x00000000f4480000,0x00000000f4480000,0x00000000f4d80000)
 ParOldGen       total 32768K, used 18245K [0x00000000c1c00000, 0x00000000c3c00000, 0x00000000eb400000)
  object space 32768K, 55% used [0x00000000c1c00000,0x00000000c2dd14a8,0x00000000c3c00000)
 Metaspace       used 38490K, capacity 39778K, committed 40024K, reserved 1083392K
  class space    used 4946K, capacity 5207K, committed 5248K, reserved 1048576K
Event: 11.980 GC heap after
Heap after GC invocations=16 (full 2):
 PSYoungGen      total 144896K, used 5319K [0x00000000eb400000, 0x00000000f4c00000, 0x0000000100000000)
  eden space 137216K, 0% used [0x00000000eb400000,0x00000000eb400000,0x00000000f3a00000)
  from space 7680K, 69% used [0x00000000f4480000,0x00000000f49b1eb0,0x00000000f4c00000)
  to   space 9216K, 0% used [0x00000000f3a00000,0x00000000f3a00000,0x00000000f4300000)
 ParOldGen       total 32768K, used 18253K [0x00000000c1c00000, 0x00000000c3c00000, 0x00000000eb400000)
  object space 32768K, 55% used [0x00000000c1c00000,0x00000000c2dd34a8,0x00000000c3c00000)
 Metaspace       used 38490K, capacity 39778K, committed 40024K, reserved 1083392K
  class space    used 4946K, capacity 5207K, committed 5248K, reserved 1048576K
}

