# JRE version: Java(TM) SE Runtime Environment (8.0_231-b11) (build 1.8.0_231-b11)
# Java VM: Java HotSpot(TM) 64-Bit Server VM (25.231-b11 mixed mode windows-amd64 compressed oops)
Heap:
 PSYoungGen      total 113664K, used 20877K [0x00000000eb400000, 0x00000000f3f00000, 0x0000000100000000)
  eden space 107520K, 13% used [0x00000000eb400000,0x00000000ec268988,0x00000000f1d00000)
  from space 6144K, 99% used [0x00000000f3900000,0x00000000f3efaaf0,0x00000000f3f00000)
  to   space 7680K, 0% used [0x00000000f3000000,0x00000000f3000000,0x00000000f3780000)
 ParOldGen       total 34304K, used 11063K [0x00000000c1c00000, 0x00000000c3d80000, 0x00000000eb400000)
  object space 34304K, 32% used [0x00000000c1c00000,0x00000000c26cdf68,0x00000000c3d80000)
 Metaspace       used 24832K, capacity 25660K, committed 25984K, reserved 1071104K
  class space    used 3173K, capacity 3366K, committed 3456K, reserved 1048576K
GC Heap History (10 events):
Event: 3.923 GC heap before
{Heap before GC invocations=5 (full 0):
 PSYoungGen      total 35328K, used 35320K [0x00000000eb400000, 0x00000000ed900000, 0x0000000100000000)
  eden space 32768K, 100% used [0x00000000eb400000,0x00000000ed400000,0x00000000ed400000)
  from space 2560K, 99% used [0x00000000ed680000,0x00000000ed8fe030,0x00000000ed900000)
  to   space 2560K, 0% used [0x00000000ed400000,0x00000000ed400000,0x00000000ed680000)
 ParOldGen       total 44032K, used 3431K [0x00000000c1c00000, 0x00000000c4700000, 0x00000000eb400000)
  object space 44032K, 7% used [0x00000000c1c00000,0x00000000c1f59f80,0x00000000c4700000)
 Metaspace       used 15454K, capacity 16098K, committed 16256K, reserved 1062912K
  class space    used 1952K, capacity 2083K, committed 2176K, reserved 1048576K
Event: 3.934 GC heap after
Heap after GC invocations=5 (full 0):
 PSYoungGen      total 35328K, used 2528K [0x00000000eb400000, 0x00000000eff00000, 0x0000000100000000)
  eden space 32768K, 0% used [0x00000000eb400000,0x00000000eb400000,0x00000000ed400000)
  from space 2560K, 98% used [0x00000000ed400000,0x00000000ed6783e8,0x00000000ed680000)
  to   space 5632K, 0% used [0x00000000ef980000,0x00000000ef980000,0x00000000eff00000)
 ParOldGen       total 44032K, used 6451K [0x00000000c1c00000, 0x00000000c4700000, 0x00000000eb400000)
  object space 44032K, 14% used [0x00000000c1c00000,0x00000000c224ccd0,0x00000000c4700000)
 Metaspace       used 15454K, capacity 16098K, committed 16256K, reserved 1062912K
  class space    used 1952K, capacity 2083K, committed 2176K, reserved 1048576K
}
Event: 4.451 GC heap before
{Heap before GC invocations=6 (full 0):
 PSYoungGen      total 35328K, used 35296K [0x00000000eb400000, 0x00000000eff00000, 0x0000000100000000)
  eden space 32768K, 100% used [0x00000000eb400000,0x00000000ed400000,0x00000000ed400000)
  from space 2560K, 98% used [0x00000000ed400000,0x00000000ed6783e8,0x00000000ed680000)
  to   space 5632K, 0% used [0x00000000ef980000,0x00000000ef980000,0x00000000eff00000)
 ParOldGen       total 44032K, used 6451K [0x00000000c1c00000, 0x00000000c4700000, 0x00000000eb400000)
  object space 44032K, 14% used [0x00000000c1c00000,0x00000000c224ccd0,0x00000000c4700000)
 Metaspace       used 17889K, capacity 18544K, committed 18688K, reserved 1064960K
  class space    used 2341K, capacity 2486K, committed 2560K, reserved 1048576K
Event: 4.461 GC heap after
Heap after GC invocations=6 (full 0):
 PSYoungGen      total 70656K, used 5409K [0x00000000eb400000, 0x00000000f0000000, 0x0000000100000000)
  eden space 65024K, 0% used [0x00000000eb400000,0x00000000eb400000,0x00000000ef380000)
  from space 5632K, 96% used [0x00000000ef980000,0x00000000efec84b0,0x00000000eff00000)
  to   space 6144K, 0% used [0x00000000ef380000,0x00000000ef380000,0x00000000ef980000)
 ParOldGen       total 44032K, used 6459K [0x00000000c1c00000, 0x00000000c4700000, 0x00000000eb400000)
  object space 44032K, 14% used [0x00000000c1c00000,0x00000000c224ecd0,0x00000000c4700000)
 Metaspace       used 17889K, capacity 18544K, committed 18688K, reserved 1064960K
  class space    used 2341K, capacity 2486K, committed 2560K, reserved 1048576K
}
Event: 4.831 GC heap before
{Heap before GC invocations=7 (full 0):
 PSYoungGen      total 70656K, used 29017K [0x00000000eb400000, 0x00000000f0000000, 0x0000000100000000)
  eden space 65024K, 36% used [0x00000000eb400000,0x00000000ecb0e1a8,0x00000000ef380000)
  from space 5632K, 96% used [0x00000000ef980000,0x00000000efec84b0,0x00000000eff00000)
  to   space 6144K, 0% used [0x00000000ef380000,0x00000000ef380000,0x00000000ef980000)
 ParOldGen       total 44032K, used 6459K [0x00000000c1c00000, 0x00000000c4700000, 0x00000000eb400000)
  object space 44032K, 14% used [0x00000000c1c00000,0x00000000c224ecd0,0x00000000c4700000)
 Metaspace       used 20431K, capacity 21132K, committed 21248K, reserved 1067008K
  class space    used 2609K, capacity 2770K, committed 2816K, reserved 1048576K
Event: 4.855 GC heap after
Heap after GC invocations=7 (full 0):
 PSYoungGen      total 71168K, used 4589K [0x00000000eb400000, 0x00000000f3f00000, 0x0000000100000000)
  eden space 65024K, 0% used [0x00000000eb400000,0x00000000eb400000,0x00000000ef380000)
  from space 6144K, 74% used [0x00000000ef380000,0x00000000ef7fb548,0x00000000ef980000)
  to   space 6144K, 0% used [0x00000000f3900000,0x00000000f3900000,0x00000000f3f00000)
 ParOldGen       total 44032K, used 7894K [0x00000000c1c00000, 0x00000000c4700000, 0x00000000eb400000)
  object space 44032K, 17% used [0x00000000c1c00000,0x00000000c23b5bb8,0x00000000c4700000)
 Metaspace       used 20431K, capacity 21132K, committed 21248K, reserved 1067008K
  class space    used 2609K, capacity 2770K, committed 2816K, reserved 1048576K
}
Event: 4.855 GC heap before
{Heap before GC invocations=8 (full 1):
 PSYoungGen      total 71168K, used 4589K [0x00000000eb400000, 0x00000000f3f00000, 0x0000000100000000)
  eden space 65024K, 0% used [0x00000000eb400000,0x00000000eb400000,0x00000000ef380000)
  from space 6144K, 74% used [0x00000000ef380000,0x00000000ef7fb548,0x00000000ef980000)
  to   space 6144K, 0% used [0x00000000f3900000,0x00000000f3900000,0x00000000f3f00000)
 ParOldGen       total 44032K, used 7894K [0x00000000c1c00000, 0x00000000c4700000, 0x00000000eb400000)
  object space 44032K, 17% used [0x00000000c1c00000,0x00000000c23b5bb8,0x00000000c4700000)
 Metaspace       used 20431K, capacity 21132K, committed 21248K, reserved 1067008K
  class space    used 2609K, capacity 2770K, committed 2816K, reserved 1048576K
Event: 4.916 GC heap after
Heap after GC invocations=8 (full 1):
 PSYoungGen      total 71168K, used 0K [0x00000000eb400000, 0x00000000f3f00000, 0x0000000100000000)
  eden space 65024K, 0% used [0x00000000eb400000,0x00000000eb400000,0x00000000ef380000)
  from space 6144K, 0% used [0x00000000ef380000,0x00000000ef380000,0x00000000ef980000)
  to   space 6144K, 0% used [0x00000000f3900000,0x00000000f3900000,0x00000000f3f00000)
 ParOldGen       total 34304K, used 9341K [0x00000000c1c00000, 0x00000000c3d80000, 0x00000000eb400000)
  object space 34304K, 27% used [0x00000000c1c00000,0x00000000c251f7c8,0x00000000c3d80000)
 Metaspace       used 20431K, capacity 21132K, committed 21248K, reserved 1067008K
  class space    used 2609K, capacity 2770K, committed 2816K, reserved 1048576K
}
Event: 6.835 GC heap before
{Heap before GC invocations=9 (full 1):
 PSYoungGen      total 71168K, used 65024K [0x00000000eb400000, 0x00000000f3f00000, 0x0000000100000000)
  eden space 65024K, 100% used [0x00000000eb400000,0x00000000ef380000,0x00000000ef380000)
  from space 6144K, 0% used [0x00000000ef380000,0x00000000ef380000,0x00000000ef980000)
  to   space 6144K, 0% used [0x00000000f3900000,0x00000000f3900000,0x00000000f3f00000)
 ParOldGen       total 34304K, used 9341K [0x00000000c1c00000, 0x00000000c3d80000, 0x00000000eb400000)
  object space 34304K, 27% used [0x00000000c1c00000,0x00000000c251f7c8,0x00000000c3d80000)
 Metaspace       used 24362K, capacity 25148K, committed 25344K, reserved 1071104K
  class space    used 3106K, capacity 3302K, committed 3328K, reserved 1048576K
Event: 6.857 GC heap after
Heap after GC invocations=9 (full 1):
 PSYoungGen      total 113664K, used 6122K [0x00000000eb400000, 0x00000000f3f00000, 0x0000000100000000)
  eden space 107520K, 0% used [0x00000000eb400000,0x00000000eb400000,0x00000000f1d00000)
  from space 6144K, 99% used [0x00000000f3900000,0x00000000f3efaaf0,0x00000000f3f00000)
  to   space 7680K, 0% used [0x00000000f3000000,0x00000000f3000000,0x00000000f3780000)
 ParOldGen       total 34304K, used 11063K [0x00000000c1c00000, 0x00000000c3d80000, 0x00000000eb400000)
  object space 34304K, 32% used [0x00000000c1c00000,0x00000000c26cdf68,0x00000000c3d80000)
 Metaspace       used 24362K, capacity 25148K, committed 25344K, reserved 1071104K
  class space    used 3106K, capacity 3302K, committed 3328K, reserved 1048576K
}

