# JRE version: Java(TM) SE Runtime Environment (8.0_231-b11) (build 1.8.0_231-b11)
# Java VM: Java HotSpot(TM) 64-Bit Server VM (25.231-b11 mixed mode windows-amd64 compressed oops)
Heap:
 PSYoungGen      total 110592K, used 8989K [0x00000000eb400000, 0x00000000f4000000, 0x0000000100000000)
  eden space 103936K, 2% used [0x00000000eb400000,0x00000000eb649e90,0x00000000f1980000)
  from space 6656K, 99% used [0x00000000f3980000,0x00000000f3ffd708,0x00000000f4000000)
  to   space 7680K, 0% used [0x00000000f3100000,0x00000000f3100000,0x00000000f3880000)
 ParOldGen       total 33280K, used 8670K [0x00000000c1c00000, 0x00000000c3c80000, 0x00000000eb400000)
  object space 33280K, 26% used [0x00000000c1c00000,0x00000000c2477ae8,0x00000000c3c80000)
 Metaspace       used 24577K, capacity 25356K, committed 25728K, reserved 1071104K
  class space    used 3134K, capacity 3334K, committed 3456K, reserved 1048576K
GC Heap History (10 events):
Event: 3.636 GC heap before
{Heap before GC invocations=5 (full 0):
 PSYoungGen      total 35328K, used 35296K [0x00000000eb400000, 0x00000000ed900000, 0x0000000100000000)
  eden space 32768K, 100% used [0x00000000eb400000,0x00000000ed400000,0x00000000ed400000)
  from space 2560K, 98% used [0x00000000ed680000,0x00000000ed8f83e8,0x00000000ed900000)
  to   space 2560K, 0% used [0x00000000ed400000,0x00000000ed400000,0x00000000ed680000)
 ParOldGen       total 44032K, used 3457K [0x00000000c1c00000, 0x00000000c4700000, 0x00000000eb400000)
  object space 44032K, 7% used [0x00000000c1c00000,0x00000000c1f60590,0x00000000c4700000)
 Metaspace       used 15426K, capacity 15986K, committed 16256K, reserved 1062912K
  class space    used 1953K, capacity 2075K, committed 2176K, reserved 1048576K
Event: 3.653 GC heap after
Heap after GC invocations=5 (full 0):
 PSYoungGen      total 35328K, used 2544K [0x00000000eb400000, 0x00000000eff00000, 0x0000000100000000)
  eden space 32768K, 0% used [0x00000000eb400000,0x00000000eb400000,0x00000000ed400000)
  from space 2560K, 99% used [0x00000000ed400000,0x00000000ed67c3d8,0x00000000ed680000)
  to   space 5632K, 0% used [0x00000000ef980000,0x00000000ef980000,0x00000000eff00000)
 ParOldGen       total 44032K, used 6451K [0x00000000c1c00000, 0x00000000c4700000, 0x00000000eb400000)
  object space 44032K, 14% used [0x00000000c1c00000,0x00000000c224cea8,0x00000000c4700000)
 Metaspace       used 15426K, capacity 15986K, committed 16256K, reserved 1062912K
  class space    used 1953K, capacity 2075K, committed 2176K, reserved 1048576K
}
Event: 4.180 GC heap before
{Heap before GC invocations=6 (full 0):
 PSYoungGen      total 35328K, used 35312K [0x00000000eb400000, 0x00000000eff00000, 0x0000000100000000)
  eden space 32768K, 100% used [0x00000000eb400000,0x00000000ed400000,0x00000000ed400000)
  from space 2560K, 99% used [0x00000000ed400000,0x00000000ed67c3d8,0x00000000ed680000)
  to   space 5632K, 0% used [0x00000000ef980000,0x00000000ef980000,0x00000000eff00000)
 ParOldGen       total 44032K, used 6451K [0x00000000c1c00000, 0x00000000c4700000, 0x00000000eb400000)
  object space 44032K, 14% used [0x00000000c1c00000,0x00000000c224cf58,0x00000000c4700000)
 Metaspace       used 17922K, capacity 18592K, committed 18688K, reserved 1064960K
  class space    used 2335K, capacity 2486K, committed 2560K, reserved 1048576K
Event: 4.187 GC heap after
Heap after GC invocations=6 (full 0):
 PSYoungGen      total 70656K, used 5498K [0x00000000eb400000, 0x00000000f0000000, 0x0000000100000000)
  eden space 65024K, 0% used [0x00000000eb400000,0x00000000eb400000,0x00000000ef380000)
  from space 5632K, 97% used [0x00000000ef980000,0x00000000efedeac0,0x00000000eff00000)
  to   space 6144K, 0% used [0x00000000ef380000,0x00000000ef380000,0x00000000ef980000)
 ParOldGen       total 44032K, used 6459K [0x00000000c1c00000, 0x00000000c4700000, 0x00000000eb400000)
  object space 44032K, 14% used [0x00000000c1c00000,0x00000000c224ef58,0x00000000c4700000)
 Metaspace       used 17922K, capacity 18592K, committed 18688K, reserved 1064960K
  class space    used 2335K, capacity 2486K, committed 2560K, reserved 1048576K
}
Event: 4.500 GC heap before
{Heap before GC invocations=7 (full 0):
 PSYoungGen      total 70656K, used 28873K [0x00000000eb400000, 0x00000000f0000000, 0x0000000100000000)
  eden space 65024K, 35% used [0x00000000eb400000,0x00000000ecad3c00,0x00000000ef380000)
  from space 5632K, 97% used [0x00000000ef980000,0x00000000efedeac0,0x00000000eff00000)
  to   space 6144K, 0% used [0x00000000ef380000,0x00000000ef380000,0x00000000ef980000)
 ParOldGen       total 44032K, used 6459K [0x00000000c1c00000, 0x00000000c4700000, 0x00000000eb400000)
  object space 44032K, 14% used [0x00000000c1c00000,0x00000000c224ef58,0x00000000c4700000)
 Metaspace       used 20498K, capacity 21206K, committed 21248K, reserved 1067008K
  class space    used 2619K, capacity 2801K, committed 2816K, reserved 1048576K
Event: 4.509 GC heap after
Heap after GC invocations=7 (full 0):
 PSYoungGen      total 71168K, used 4952K [0x00000000eb400000, 0x00000000f4000000, 0x0000000100000000)
  eden space 65024K, 0% used [0x00000000eb400000,0x00000000eb400000,0x00000000ef380000)
  from space 6144K, 80% used [0x00000000ef380000,0x00000000ef8562f0,0x00000000ef980000)
  to   space 6656K, 0% used [0x00000000f3980000,0x00000000f3980000,0x00000000f4000000)
 ParOldGen       total 44032K, used 7598K [0x00000000c1c00000, 0x00000000c4700000, 0x00000000eb400000)
  object space 44032K, 17% used [0x00000000c1c00000,0x00000000c236bb98,0x00000000c4700000)
 Metaspace       used 20498K, capacity 21206K, committed 21248K, reserved 1067008K
  class space    used 2619K, capacity 2801K, committed 2816K, reserved 1048576K
}
Event: 4.509 GC heap before
{Heap before GC invocations=8 (full 1):
 PSYoungGen      total 71168K, used 4952K [0x00000000eb400000, 0x00000000f4000000, 0x0000000100000000)
  eden space 65024K, 0% used [0x00000000eb400000,0x00000000eb400000,0x00000000ef380000)
  from space 6144K, 80% used [0x00000000ef380000,0x00000000ef8562f0,0x00000000ef980000)
  to   space 6656K, 0% used [0x00000000f3980000,0x00000000f3980000,0x00000000f4000000)
 ParOldGen       total 44032K, used 7598K [0x00000000c1c00000, 0x00000000c4700000, 0x00000000eb400000)
  object space 44032K, 17% used [0x00000000c1c00000,0x00000000c236bb98,0x00000000c4700000)
 Metaspace       used 20498K, capacity 21206K, committed 21248K, reserved 1067008K
  class space    used 2619K, capacity 2801K, committed 2816K, reserved 1048576K
Event: 4.563 GC heap after
Heap after GC invocations=8 (full 1):
 PSYoungGen      total 71168K, used 0K [0x00000000eb400000, 0x00000000f4000000, 0x0000000100000000)
  eden space 65024K, 0% used [0x00000000eb400000,0x00000000eb400000,0x00000000ef380000)
  from space 6144K, 0% used [0x00000000ef380000,0x00000000ef380000,0x00000000ef980000)
  to   space 6656K, 0% used [0x00000000f3980000,0x00000000f3980000,0x00000000f4000000)
 ParOldGen       total 33280K, used 7358K [0x00000000c1c00000, 0x00000000c3c80000, 0x00000000eb400000)
  object space 33280K, 22% used [0x00000000c1c00000,0x00000000c232fb50,0x00000000c3c80000)
 Metaspace       used 20498K, capacity 21206K, committed 21248K, reserved 1067008K
  class space    used 2619K, capacity 2801K, committed 2816K, reserved 1048576K
}
Event: 6.157 GC heap before
{Heap before GC invocations=9 (full 1):
 PSYoungGen      total 71168K, used 65024K [0x00000000eb400000, 0x00000000f4000000, 0x0000000100000000)
  eden space 65024K, 100% used [0x00000000eb400000,0x00000000ef380000,0x00000000ef380000)
  from space 6144K, 0% used [0x00000000ef380000,0x00000000ef380000,0x00000000ef980000)
  to   space 6656K, 0% used [0x00000000f3980000,0x00000000f3980000,0x00000000f4000000)
 ParOldGen       total 33280K, used 7362K [0x00000000c1c00000, 0x00000000c3c80000, 0x00000000eb400000)
  object space 33280K, 22% used [0x00000000c1c00000,0x00000000c2330a38,0x00000000c3c80000)
 Metaspace       used 24557K, capacity 25356K, committed 25728K, reserved 1071104K
  class space    used 3131K, capacity 3334K, committed 3456K, reserved 1048576K
Event: 6.179 GC heap after
Heap after GC invocations=9 (full 1):
 PSYoungGen      total 110592K, used 6645K [0x00000000eb400000, 0x00000000f4000000, 0x0000000100000000)
  eden space 103936K, 0% used [0x00000000eb400000,0x00000000eb400000,0x00000000f1980000)
  from space 6656K, 99% used [0x00000000f3980000,0x00000000f3ffd708,0x00000000f4000000)
  to   space 7680K, 0% used [0x00000000f3100000,0x00000000f3100000,0x00000000f3880000)
 ParOldGen       total 33280K, used 8670K [0x00000000c1c00000, 0x00000000c3c80000, 0x00000000eb400000)
  object space 33280K, 26% used [0x00000000c1c00000,0x00000000c2477ae8,0x00000000c3c80000)
 Metaspace       used 24557K, capacity 25356K, committed 25728K, reserved 1071104K
  class space    used 3131K, capacity 3334K, committed 3456K, reserved 1048576K
}

