# JRE version: Java(TM) SE Runtime Environment (8.0_231-b11) (build 1.8.0_231-b11)
# Java VM: Java HotSpot(TM) 64-Bit Server VM (25.231-b11 mixed mode windows-amd64 compressed oops)
Heap:
 PSYoungGen      total 138752K, used 33068K [0x00000000eb400000, 0x00000000f5580000, 0x0000000100000000)
  eden space 128000K, 20% used [0x00000000eb400000,0x00000000ecd60398,0x00000000f3100000)
  from space 10752K, 65% used [0x00000000f4b00000,0x00000000f51eafa8,0x00000000f5580000)
  to   space 8192K, 0% used [0x00000000f3100000,0x00000000f3100000,0x00000000f3900000)
 ParOldGen       total 36352K, used 19425K [0x00000000c1c00000, 0x00000000c3f80000, 0x00000000eb400000)
  object space 36352K, 53% used [0x00000000c1c00000,0x00000000c2ef8450,0x00000000c3f80000)
 Metaspace       used 41188K, capacity 42548K, committed 42712K, reserved 1087488K
  class space    used 5252K, capacity 5566K, committed 5632K, reserved 1048576K
GC Heap History (10 events):
Event: 10.401 GC heap before
{Heap before GC invocations=10 (full 1):
 PSYoungGen      total 113152K, used 113126K [0x00000000eb400000, 0x00000000f4100000, 0x0000000100000000)
  eden space 105984K, 100% used [0x00000000eb400000,0x00000000f1b80000,0x00000000f1b80000)
  from space 7168K, 99% used [0x00000000f3a00000,0x00000000f40f98a8,0x00000000f4100000)
  to   space 8192K, 0% used [0x00000000f3100000,0x00000000f3100000,0x00000000f3900000)
 ParOldGen       total 36352K, used 10910K [0x00000000c1c00000, 0x00000000c3f80000, 0x00000000eb400000)
  object space 36352K, 30% used [0x00000000c1c00000,0x00000000c26a7930,0x00000000c3f80000)
 Metaspace       used 29317K, capacity 30298K, committed 30464K, reserved 1075200K
  class space    used 3746K, capacity 3971K, committed 4096K, reserved 1048576K
Event: 10.421 GC heap after
Heap after GC invocations=10 (full 1):
 PSYoungGen      total 136192K, used 8173K [0x00000000eb400000, 0x00000000f5580000, 0x0000000100000000)
  eden space 128000K, 0% used [0x00000000eb400000,0x00000000eb400000,0x00000000f3100000)
  from space 8192K, 99% used [0x00000000f3100000,0x00000000f38fb7a8,0x00000000f3900000)
  to   space 10752K, 0% used [0x00000000f4b00000,0x00000000f4b00000,0x00000000f5580000)
 ParOldGen       total 36352K, used 15303K [0x00000000c1c00000, 0x00000000c3f80000, 0x00000000eb400000)
  object space 36352K, 42% used [0x00000000c1c00000,0x00000000c2af1fc0,0x00000000c3f80000)
 Metaspace       used 29317K, capacity 30298K, committed 30464K, reserved 1075200K
  class space    used 3746K, capacity 3971K, committed 4096K, reserved 1048576K
}
Event: 12.252 GC heap before
{Heap before GC invocations=11 (full 1):
 PSYoungGen      total 136192K, used 93637K [0x00000000eb400000, 0x00000000f5580000, 0x0000000100000000)
  eden space 128000K, 66% used [0x00000000eb400000,0x00000000f0775ed0,0x00000000f3100000)
  from space 8192K, 99% used [0x00000000f3100000,0x00000000f38fb7a8,0x00000000f3900000)
  to   space 10752K, 0% used [0x00000000f4b00000,0x00000000f4b00000,0x00000000f5580000)
 ParOldGen       total 36352K, used 15303K [0x00000000c1c00000, 0x00000000c3f80000, 0x00000000eb400000)
  object space 36352K, 42% used [0x00000000c1c00000,0x00000000c2af1fc0,0x00000000c3f80000)
 Metaspace       used 34109K, capacity 35294K, committed 35416K, reserved 1079296K
  class space    used 4366K, capacity 4643K, committed 4736K, reserved 1048576K
Event: 12.295 GC heap after
Heap after GC invocations=11 (full 1):
 PSYoungGen      total 138752K, used 10608K [0x00000000eb400000, 0x00000000f5580000, 0x0000000100000000)
  eden space 128000K, 0% used [0x00000000eb400000,0x00000000eb400000,0x00000000f3100000)
  from space 10752K, 98% used [0x00000000f4b00000,0x00000000f555c268,0x00000000f5580000)
  to   space 8192K, 0% used [0x00000000f3100000,0x00000000f3100000,0x00000000f3900000)
 ParOldGen       total 36352K, used 17952K [0x00000000c1c00000, 0x00000000c3f80000, 0x00000000eb400000)
  object space 36352K, 49% used [0x00000000c1c00000,0x00000000c2d88100,0x00000000c3f80000)
 Metaspace       used 34109K, capacity 35294K, committed 35416K, reserved 1079296K
  class space    used 4366K, capacity 4643K, committed 4736K, reserved 1048576K
}
Event: 12.295 GC heap before
{Heap before GC invocations=12 (full 2):
 PSYoungGen      total 138752K, used 10608K [0x00000000eb400000, 0x00000000f5580000, 0x0000000100000000)
  eden space 128000K, 0% used [0x00000000eb400000,0x00000000eb400000,0x00000000f3100000)
  from space 10752K, 98% used [0x00000000f4b00000,0x00000000f555c268,0x00000000f5580000)
  to   space 8192K, 0% used [0x00000000f3100000,0x00000000f3100000,0x00000000f3900000)
 ParOldGen       total 36352K, used 17952K [0x00000000c1c00000, 0x00000000c3f80000, 0x00000000eb400000)
  object space 36352K, 49% used [0x00000000c1c00000,0x00000000c2d88100,0x00000000c3f80000)
 Metaspace       used 34109K, capacity 35294K, committed 35416K, reserved 1079296K
  class space    used 4366K, capacity 4643K, committed 4736K, reserved 1048576K
Event: 12.597 GC heap after
Heap after GC invocations=12 (full 2):
 PSYoungGen      total 138752K, used 0K [0x00000000eb400000, 0x00000000f5580000, 0x0000000100000000)
  eden space 128000K, 0% used [0x00000000eb400000,0x00000000eb400000,0x00000000f3100000)
  from space 10752K, 0% used [0x00000000f4b00000,0x00000000f4b00000,0x00000000f5580000)
  to   space 8192K, 0% used [0x00000000f3100000,0x00000000f3100000,0x00000000f3900000)
 ParOldGen       total 36352K, used 19417K [0x00000000c1c00000, 0x00000000c3f80000, 0x00000000eb400000)
  object space 36352K, 53% used [0x00000000c1c00000,0x00000000c2ef6450,0x00000000c3f80000)
 Metaspace       used 34109K, capacity 35294K, committed 35416K, reserved 1079296K
  class space    used 4366K, capacity 4643K, committed 4736K, reserved 1048576K
}
Event: 13.502 GC heap before
{Heap before GC invocations=13 (full 2):
 PSYoungGen      total 138752K, used 128000K [0x00000000eb400000, 0x00000000f5580000, 0x0000000100000000)
  eden space 128000K, 100% used [0x00000000eb400000,0x00000000f3100000,0x00000000f3100000)
  from space 10752K, 0% used [0x00000000f4b00000,0x00000000f4b00000,0x00000000f5580000)
  to   space 8192K, 0% used [0x00000000f3100000,0x00000000f3100000,0x00000000f3900000)
 ParOldGen       total 36352K, used 19417K [0x00000000c1c00000, 0x00000000c3f80000, 0x00000000eb400000)
  object space 36352K, 53% used [0x00000000c1c00000,0x00000000c2ef6450,0x00000000c3f80000)
 Metaspace       used 36093K, capacity 37308K, committed 37592K, reserved 1081344K
  class space    used 4556K, capacity 4814K, committed 4864K, reserved 1048576K
Event: 13.511 GC heap after
Heap after GC invocations=13 (full 2):
 PSYoungGen      total 136192K, used 2484K [0x00000000eb400000, 0x00000000f5580000, 0x0000000100000000)
  eden space 128000K, 0% used [0x00000000eb400000,0x00000000eb400000,0x00000000f3100000)
  from space 8192K, 30% used [0x00000000f3100000,0x00000000f336d0f8,0x00000000f3900000)
  to   space 10752K, 0% used [0x00000000f4b00000,0x00000000f4b00000,0x00000000f5580000)
 ParOldGen       total 36352K, used 19417K [0x00000000c1c00000, 0x00000000c3f80000, 0x00000000eb400000)
  object space 36352K, 53% used [0x00000000c1c00000,0x00000000c2ef6450,0x00000000c3f80000)
 Metaspace       used 36093K, capacity 37308K, committed 37592K, reserved 1081344K
  class space    used 4556K, capacity 4814K, committed 4864K, reserved 1048576K
}
Event: 14.956 GC heap before
{Heap before GC invocations=14 (full 2):
 PSYoungGen      total 136192K, used 130484K [0x00000000eb400000, 0x00000000f5580000, 0x0000000100000000)
  eden space 128000K, 100% used [0x00000000eb400000,0x00000000f3100000,0x00000000f3100000)
  from space 8192K, 30% used [0x00000000f3100000,0x00000000f336d0f8,0x00000000f3900000)
  to   space 10752K, 0% used [0x00000000f4b00000,0x00000000f4b00000,0x00000000f5580000)
 ParOldGen       total 36352K, used 19417K [0x00000000c1c00000, 0x00000000c3f80000, 0x00000000eb400000)
  object space 36352K, 53% used [0x00000000c1c00000,0x00000000c2ef6450,0x00000000c3f80000)
 Metaspace       used 40335K, capacity 41730K, committed 41816K, reserved 1085440K
  class space    used 5158K, capacity 5467K, committed 5504K, reserved 1048576K
Event: 14.974 GC heap after
Heap after GC invocations=14 (full 2):
 PSYoungGen      total 138752K, used 7083K [0x00000000eb400000, 0x00000000f5580000, 0x0000000100000000)
  eden space 128000K, 0% used [0x00000000eb400000,0x00000000eb400000,0x00000000f3100000)
  from space 10752K, 65% used [0x00000000f4b00000,0x00000000f51eafa8,0x00000000f5580000)
  to   space 8192K, 0% used [0x00000000f3100000,0x00000000f3100000,0x00000000f3900000)
 ParOldGen       total 36352K, used 19425K [0x00000000c1c00000, 0x00000000c3f80000, 0x00000000eb400000)
  object space 36352K, 53% used [0x00000000c1c00000,0x00000000c2ef8450,0x00000000c3f80000)
 Metaspace       used 40335K, capacity 41730K, committed 41816K, reserved 1085440K
  class space    used 5158K, capacity 5467K, committed 5504K, reserved 1048576K
}

