# JRE version: Java(TM) SE Runtime Environment (8.0_231-b11) (build 1.8.0_231-b11)
# Java VM: Java HotSpot(TM) 64-Bit Server VM (25.231-b11 mixed mode windows-amd64 compressed oops)
Heap:
 PSYoungGen      total 191488K, used 112650K [0x00000000eb400000, 0x00000000f7d00000, 0x0000000100000000)
  eden space 179200K, 57% used [0x00000000eb400000,0x00000000f18e1508,0x00000000f6300000)
  from space 12288K, 76% used [0x00000000f7100000,0x00000000f7a213a8,0x00000000f7d00000)
  to   space 13312K, 0% used [0x00000000f6300000,0x00000000f6300000,0x00000000f7000000)
 ParOldGen       total 58880K, used 19350K [0x00000000c1c00000, 0x00000000c5580000, 0x00000000eb400000)
  object space 58880K, 32% used [0x00000000c1c00000,0x00000000c2ee59a0,0x00000000c5580000)
 Metaspace       used 43187K, capacity 44768K, committed 45016K, reserved 1089536K
  class space    used 5508K, capacity 5846K, committed 5888K, reserved 1048576K
GC Heap History (10 events):
Event: 10.919 GC heap before
{Heap before GC invocations=10 (full 1):
 PSYoungGen      total 113664K, used 113635K [0x00000000eb400000, 0x00000000f4000000, 0x0000000100000000)
  eden space 107008K, 100% used [0x00000000eb400000,0x00000000f1c80000,0x00000000f1c80000)
  from space 6656K, 99% used [0x00000000f3980000,0x00000000f3ff8d58,0x00000000f4000000)
  to   space 8192K, 0% used [0x00000000f3000000,0x00000000f3000000,0x00000000f3800000)
 ParOldGen       total 33792K, used 9317K [0x00000000c1c00000, 0x00000000c3d00000, 0x00000000eb400000)
  object space 33792K, 27% used [0x00000000c1c00000,0x00000000c2519610,0x00000000c3d00000)
 Metaspace       used 29514K, capacity 30522K, committed 30720K, reserved 1075200K
  class space    used 3768K, capacity 4003K, committed 4096K, reserved 1048576K
Event: 10.943 GC heap after
Heap after GC invocations=10 (full 1):
 PSYoungGen      total 135168K, used 8160K [0x00000000eb400000, 0x00000000f5800000, 0x0000000100000000)
  eden space 126976K, 0% used [0x00000000eb400000,0x00000000eb400000,0x00000000f3000000)
  from space 8192K, 99% used [0x00000000f3000000,0x00000000f37f82d0,0x00000000f3800000)
  to   space 11264K, 0% used [0x00000000f4d00000,0x00000000f4d00000,0x00000000f5800000)
 ParOldGen       total 33792K, used 14358K [0x00000000c1c00000, 0x00000000c3d00000, 0x00000000eb400000)
  object space 33792K, 42% used [0x00000000c1c00000,0x00000000c2a059f0,0x00000000c3d00000)
 Metaspace       used 29514K, capacity 30522K, committed 30720K, reserved 1075200K
  class space    used 3768K, capacity 4003K, committed 4096K, reserved 1048576K
}
Event: 13.143 GC heap before
{Heap before GC invocations=11 (full 1):
 PSYoungGen      total 135168K, used 90714K [0x00000000eb400000, 0x00000000f5800000, 0x0000000100000000)
  eden space 126976K, 65% used [0x00000000eb400000,0x00000000f049e768,0x00000000f3000000)
  from space 8192K, 99% used [0x00000000f3000000,0x00000000f37f82d0,0x00000000f3800000)
  to   space 11264K, 0% used [0x00000000f4d00000,0x00000000f4d00000,0x00000000f5800000)
 ParOldGen       total 33792K, used 14358K [0x00000000c1c00000, 0x00000000c3d00000, 0x00000000eb400000)
  object space 33792K, 42% used [0x00000000c1c00000,0x00000000c2a059f0,0x00000000c3d00000)
 Metaspace       used 34083K, capacity 35298K, committed 35416K, reserved 1079296K
  class space    used 4360K, capacity 4643K, committed 4736K, reserved 1048576K
Event: 13.164 GC heap after
Heap after GC invocations=11 (full 1):
 PSYoungGen      total 155648K, used 10555K [0x00000000eb400000, 0x00000000f7200000, 0x0000000100000000)
  eden space 144384K, 0% used [0x00000000eb400000,0x00000000eb400000,0x00000000f4100000)
  from space 11264K, 93% used [0x00000000f4d00000,0x00000000f574ed38,0x00000000f5800000)
  to   space 12288K, 0% used [0x00000000f4100000,0x00000000f4100000,0x00000000f4d00000)
 ParOldGen       total 33792K, used 17128K [0x00000000c1c00000, 0x00000000c3d00000, 0x00000000eb400000)
  object space 33792K, 50% used [0x00000000c1c00000,0x00000000c2cba250,0x00000000c3d00000)
 Metaspace       used 34083K, capacity 35298K, committed 35416K, reserved 1079296K
  class space    used 4360K, capacity 4643K, committed 4736K, reserved 1048576K
}
Event: 13.164 GC heap before
{Heap before GC invocations=12 (full 2):
 PSYoungGen      total 155648K, used 10555K [0x00000000eb400000, 0x00000000f7200000, 0x0000000100000000)
  eden space 144384K, 0% used [0x00000000eb400000,0x00000000eb400000,0x00000000f4100000)
  from space 11264K, 93% used [0x00000000f4d00000,0x00000000f574ed38,0x00000000f5800000)
  to   space 12288K, 0% used [0x00000000f4100000,0x00000000f4100000,0x00000000f4d00000)
 ParOldGen       total 33792K, used 17128K [0x00000000c1c00000, 0x00000000c3d00000, 0x00000000eb400000)
  object space 33792K, 50% used [0x00000000c1c00000,0x00000000c2cba250,0x00000000c3d00000)
 Metaspace       used 34083K, capacity 35298K, committed 35416K, reserved 1079296K
  class space    used 4360K, capacity 4643K, committed 4736K, reserved 1048576K
Event: 13.353 GC heap after
Heap after GC invocations=12 (full 2):
 PSYoungGen      total 155648K, used 0K [0x00000000eb400000, 0x00000000f7200000, 0x0000000100000000)
  eden space 144384K, 0% used [0x00000000eb400000,0x00000000eb400000,0x00000000f4100000)
  from space 11264K, 0% used [0x00000000f4d00000,0x00000000f4d00000,0x00000000f5800000)
  to   space 12288K, 0% used [0x00000000f4100000,0x00000000f4100000,0x00000000f4d00000)
 ParOldGen       total 58880K, used 19334K [0x00000000c1c00000, 0x00000000c5580000, 0x00000000eb400000)
  object space 58880K, 32% used [0x00000000c1c00000,0x00000000c2ee19a0,0x00000000c5580000)
 Metaspace       used 34083K, capacity 35298K, committed 35416K, reserved 1079296K
  class space    used 4360K, capacity 4643K, committed 4736K, reserved 1048576K
}
Event: 14.268 GC heap before
{Heap before GC invocations=13 (full 2):
 PSYoungGen      total 155648K, used 144384K [0x00000000eb400000, 0x00000000f7200000, 0x0000000100000000)
  eden space 144384K, 100% used [0x00000000eb400000,0x00000000f4100000,0x00000000f4100000)
  from space 11264K, 0% used [0x00000000f4d00000,0x00000000f4d00000,0x00000000f5800000)
  to   space 12288K, 0% used [0x00000000f4100000,0x00000000f4100000,0x00000000f4d00000)
 ParOldGen       total 58880K, used 19334K [0x00000000c1c00000, 0x00000000c5580000, 0x00000000eb400000)
  object space 58880K, 32% used [0x00000000c1c00000,0x00000000c2ee19a0,0x00000000c5580000)
 Metaspace       used 36062K, capacity 37312K, committed 37592K, reserved 1081344K
  class space    used 4550K, capacity 4814K, committed 4864K, reserved 1048576K
Event: 14.273 GC heap after
Heap after GC invocations=13 (full 2):
 PSYoungGen      total 156672K, used 2689K [0x00000000eb400000, 0x00000000f7d00000, 0x0000000100000000)
  eden space 144384K, 0% used [0x00000000eb400000,0x00000000eb400000,0x00000000f4100000)
  from space 12288K, 21% used [0x00000000f4100000,0x00000000f43a05e0,0x00000000f4d00000)
  to   space 12288K, 0% used [0x00000000f7100000,0x00000000f7100000,0x00000000f7d00000)
 ParOldGen       total 58880K, used 19342K [0x00000000c1c00000, 0x00000000c5580000, 0x00000000eb400000)
  object space 58880K, 32% used [0x00000000c1c00000,0x00000000c2ee39a0,0x00000000c5580000)
 Metaspace       used 36062K, capacity 37312K, committed 37592K, reserved 1081344K
  class space    used 4550K, capacity 4814K, committed 4864K, reserved 1048576K
}
Event: 16.371 GC heap before
{Heap before GC invocations=14 (full 2):
 PSYoungGen      total 156672K, used 147073K [0x00000000eb400000, 0x00000000f7d00000, 0x0000000100000000)
  eden space 144384K, 100% used [0x00000000eb400000,0x00000000f4100000,0x00000000f4100000)
  from space 12288K, 21% used [0x00000000f4100000,0x00000000f43a05e0,0x00000000f4d00000)
  to   space 12288K, 0% used [0x00000000f7100000,0x00000000f7100000,0x00000000f7d00000)
 ParOldGen       total 58880K, used 19342K [0x00000000c1c00000, 0x00000000c5580000, 0x00000000eb400000)
  object space 58880K, 32% used [0x00000000c1c00000,0x00000000c2ee39a0,0x00000000c5580000)
 Metaspace       used 41145K, capacity 42552K, committed 42712K, reserved 1087488K
  class space    used 5250K, capacity 5566K, committed 5632K, reserved 1048576K
Event: 16.389 GC heap after
Heap after GC invocations=14 (full 2):
 PSYoungGen      total 191488K, used 9348K [0x00000000eb400000, 0x00000000f7d00000, 0x0000000100000000)
  eden space 179200K, 0% used [0x00000000eb400000,0x00000000eb400000,0x00000000f6300000)
  from space 12288K, 76% used [0x00000000f7100000,0x00000000f7a213a8,0x00000000f7d00000)
  to   space 13312K, 0% used [0x00000000f6300000,0x00000000f6300000,0x00000000f7000000)
 ParOldGen       total 58880K, used 19350K [0x00000000c1c00000, 0x00000000c5580000, 0x00000000eb400000)
  object space 58880K, 32% used [0x00000000c1c00000,0x00000000c2ee59a0,0x00000000c5580000)
 Metaspace       used 41145K, capacity 42552K, committed 42712K, reserved 1087488K
  class space    used 5250K, capacity 5566K, committed 5632K, reserved 1048576K
}

