# JRE version: Java(TM) SE Runtime Environment (8.0_231-b11) (build 1.8.0_231-b11)
# Java VM: Java HotSpot(TM) 64-Bit Server VM (25.231-b11 mixed mode windows-amd64 compressed oops)
Heap:
 PSYoungGen      total 160256K, used 150525K [0x00000000eb400000, 0x00000000f8500000, 0x0000000100000000)
  eden space 147968K, 100% used [0x00000000eb400000,0x00000000f4480000,0x00000000f4480000)
  from space 12288K, 20% used [0x00000000f4480000,0x00000000f46ff760,0x00000000f5080000)
  to   space 12288K, 58% used [0x00000000f7900000,0x00000000f8009d60,0x00000000f8500000)
 ParOldGen       total 57344K, used 19377K [0x00000000c1c00000, 0x00000000c5400000, 0x00000000eb400000)
  object space 57344K, 33% used [0x00000000c1c00000,0x00000000c2eec5f8,0x00000000c5400000)
 Metaspace       used 41600K, capacity 42980K, committed 43224K, reserved 1087488K
  class space    used 5304K, capacity 5630K, committed 5632K, reserved 1048576K
GC Heap History (10 events):
Event: 6.879 GC heap after
Heap after GC invocations=9 (full 1):
 PSYoungGen      total 114176K, used 6127K [0x00000000eb400000, 0x00000000f3f00000, 0x0000000100000000)
  eden space 108032K, 0% used [0x00000000eb400000,0x00000000eb400000,0x00000000f1d80000)
  from space 6144K, 99% used [0x00000000f3900000,0x00000000f3efbd90,0x00000000f3f00000)
  to   space 7680K, 0% used [0x00000000f3000000,0x00000000f3000000,0x00000000f3780000)
 ParOldGen       total 33792K, used 10989K [0x00000000c1c00000, 0x00000000c3d00000, 0x00000000eb400000)
  object space 33792K, 32% used [0x00000000c1c00000,0x00000000c26bb7a0,0x00000000c3d00000)
 Metaspace       used 24530K, capacity 25324K, committed 25600K, reserved 1071104K
  class space    used 3122K, capacity 3302K, committed 3328K, reserved 1048576K
}
Event: 9.734 GC heap before
{Heap before GC invocations=10 (full 1):
 PSYoungGen      total 114176K, used 114159K [0x00000000eb400000, 0x00000000f3f00000, 0x0000000100000000)
  eden space 108032K, 100% used [0x00000000eb400000,0x00000000f1d80000,0x00000000f1d80000)
  from space 6144K, 99% used [0x00000000f3900000,0x00000000f3efbd90,0x00000000f3f00000)
  to   space 7680K, 0% used [0x00000000f3000000,0x00000000f3000000,0x00000000f3780000)
 ParOldGen       total 33792K, used 10989K [0x00000000c1c00000, 0x00000000c3d00000, 0x00000000eb400000)
  object space 33792K, 32% used [0x00000000c1c00000,0x00000000c26bb7a0,0x00000000c3d00000)
 Metaspace       used 29262K, capacity 30268K, committed 30336K, reserved 1075200K
  class space    used 3731K, capacity 3968K, committed 3968K, reserved 1048576K
Event: 9.770 GC heap after
Heap after GC invocations=10 (full 1):
 PSYoungGen      total 134656K, used 7668K [0x00000000eb400000, 0x00000000f5b80000, 0x0000000100000000)
  eden space 126976K, 0% used [0x00000000eb400000,0x00000000eb400000,0x00000000f3000000)
  from space 7680K, 99% used [0x00000000f3000000,0x00000000f377d030,0x00000000f3780000)
  to   space 11264K, 0% used [0x00000000f5080000,0x00000000f5080000,0x00000000f5b80000)
 ParOldGen       total 33792K, used 17340K [0x00000000c1c00000, 0x00000000c3d00000, 0x00000000eb400000)
  object space 33792K, 51% used [0x00000000c1c00000,0x00000000c2cef028,0x00000000c3d00000)
 Metaspace       used 29262K, capacity 30268K, committed 30336K, reserved 1075200K
  class space    used 3731K, capacity 3968K, committed 3968K, reserved 1048576K
}
Event: 12.584 GC heap before
{Heap before GC invocations=11 (full 1):
 PSYoungGen      total 134656K, used 94906K [0x00000000eb400000, 0x00000000f5b80000, 0x0000000100000000)
  eden space 126976K, 68% used [0x00000000eb400000,0x00000000f0931ae0,0x00000000f3000000)
  from space 7680K, 99% used [0x00000000f3000000,0x00000000f377d030,0x00000000f3780000)
  to   space 11264K, 0% used [0x00000000f5080000,0x00000000f5080000,0x00000000f5b80000)
 ParOldGen       total 33792K, used 17340K [0x00000000c1c00000, 0x00000000c3d00000, 0x00000000eb400000)
  object space 33792K, 51% used [0x00000000c1c00000,0x00000000c2cef028,0x00000000c3d00000)
 Metaspace       used 34071K, capacity 35246K, committed 35416K, reserved 1079296K
  class space    used 4355K, capacity 4611K, committed 4736K, reserved 1048576K
Event: 12.614 GC heap after
Heap after GC invocations=11 (full 1):
 PSYoungGen      total 159232K, used 10376K [0x00000000eb400000, 0x00000000f7500000, 0x0000000100000000)
  eden space 147968K, 0% used [0x00000000eb400000,0x00000000eb400000,0x00000000f4480000)
  from space 11264K, 92% used [0x00000000f5080000,0x00000000f5aa22d0,0x00000000f5b80000)
  to   space 12288K, 0% used [0x00000000f4480000,0x00000000f4480000,0x00000000f5080000)
 ParOldGen       total 33792K, used 20552K [0x00000000c1c00000, 0x00000000c3d00000, 0x00000000eb400000)
  object space 33792K, 60% used [0x00000000c1c00000,0x00000000c3012058,0x00000000c3d00000)
 Metaspace       used 34071K, capacity 35246K, committed 35416K, reserved 1079296K
  class space    used 4355K, capacity 4611K, committed 4736K, reserved 1048576K
}
Event: 12.614 GC heap before
{Heap before GC invocations=12 (full 2):
 PSYoungGen      total 159232K, used 10376K [0x00000000eb400000, 0x00000000f7500000, 0x0000000100000000)
  eden space 147968K, 0% used [0x00000000eb400000,0x00000000eb400000,0x00000000f4480000)
  from space 11264K, 92% used [0x00000000f5080000,0x00000000f5aa22d0,0x00000000f5b80000)
  to   space 12288K, 0% used [0x00000000f4480000,0x00000000f4480000,0x00000000f5080000)
 ParOldGen       total 33792K, used 20552K [0x00000000c1c00000, 0x00000000c3d00000, 0x00000000eb400000)
  object space 33792K, 60% used [0x00000000c1c00000,0x00000000c3012058,0x00000000c3d00000)
 Metaspace       used 34071K, capacity 35246K, committed 35416K, reserved 1079296K
  class space    used 4355K, capacity 4611K, committed 4736K, reserved 1048576K
Event: 12.795 GC heap after
Heap after GC invocations=12 (full 2):
 PSYoungGen      total 159232K, used 0K [0x00000000eb400000, 0x00000000f7500000, 0x0000000100000000)
  eden space 147968K, 0% used [0x00000000eb400000,0x00000000eb400000,0x00000000f4480000)
  from space 11264K, 0% used [0x00000000f5080000,0x00000000f5080000,0x00000000f5b80000)
  to   space 12288K, 0% used [0x00000000f4480000,0x00000000f4480000,0x00000000f5080000)
 ParOldGen       total 57344K, used 19361K [0x00000000c1c00000, 0x00000000c5400000, 0x00000000eb400000)
  object space 57344K, 33% used [0x00000000c1c00000,0x00000000c2ee85f8,0x00000000c5400000)
 Metaspace       used 34071K, capacity 35246K, committed 35416K, reserved 1079296K
  class space    used 4355K, capacity 4611K, committed 4736K, reserved 1048576K
}
Event: 14.032 GC heap before
{Heap before GC invocations=13 (full 2):
 PSYoungGen      total 159232K, used 147968K [0x00000000eb400000, 0x00000000f7500000, 0x0000000100000000)
  eden space 147968K, 100% used [0x00000000eb400000,0x00000000f4480000,0x00000000f4480000)
  from space 11264K, 0% used [0x00000000f5080000,0x00000000f5080000,0x00000000f5b80000)
  to   space 12288K, 0% used [0x00000000f4480000,0x00000000f4480000,0x00000000f5080000)
 ParOldGen       total 57344K, used 19361K [0x00000000c1c00000, 0x00000000c5400000, 0x00000000eb400000)
  object space 57344K, 33% used [0x00000000c1c00000,0x00000000c2ee85f8,0x00000000c5400000)
 Metaspace       used 36141K, capacity 37356K, committed 37592K, reserved 1081344K
  class space    used 4553K, capacity 4814K, committed 4864K, reserved 1048576K
Event: 14.044 GC heap after
Heap after GC invocations=13 (full 2):
 PSYoungGen      total 160256K, used 2557K [0x00000000eb400000, 0x00000000f8500000, 0x0000000100000000)
  eden space 147968K, 0% used [0x00000000eb400000,0x00000000eb400000,0x00000000f4480000)
  from space 12288K, 20% used [0x00000000f4480000,0x00000000f46ff760,0x00000000f5080000)
  to   space 12288K, 0% used [0x00000000f7900000,0x00000000f7900000,0x00000000f8500000)
 ParOldGen       total 57344K, used 19369K [0x00000000c1c00000, 0x00000000c5400000, 0x00000000eb400000)
  object space 57344K, 33% used [0x00000000c1c00000,0x00000000c2eea5f8,0x00000000c5400000)
 Metaspace       used 36141K, capacity 37356K, committed 37592K, reserved 1081344K
  class space    used 4553K, capacity 4814K, committed 4864K, reserved 1048576K
}
Event: 16.531 GC heap before
{Heap before GC invocations=14 (full 2):
 PSYoungGen      total 160256K, used 150525K [0x00000000eb400000, 0x00000000f8500000, 0x0000000100000000)
  eden space 147968K, 100% used [0x00000000eb400000,0x00000000f4480000,0x00000000f4480000)
  from space 12288K, 20% used [0x00000000f4480000,0x00000000f46ff760,0x00000000f5080000)
  to   space 12288K, 0% used [0x00000000f7900000,0x00000000f7900000,0x00000000f8500000)
 ParOldGen       total 57344K, used 19369K [0x00000000c1c00000, 0x00000000c5400000, 0x00000000eb400000)
  object space 57344K, 33% used [0x00000000c1c00000,0x00000000c2eea5f8,0x00000000c5400000)
 Metaspace       used 41600K, capacity 42980K, committed 43224K, reserved 1087488K
  class space    used 5304K, capacity 5630K, committed 5632K, reserved 1048576K

