# JRE version: Java(TM) SE Runtime Environment (8.0_231-b11) (build 1.8.0_231-b11)
# Java VM: Java HotSpot(TM) 64-Bit Server VM (25.231-b11 mixed mode windows-amd64 compressed oops)
Heap:
 PSYoungGen      total 153600K, used 62487K [0x00000000eb400000, 0x00000000f7880000, 0x0000000100000000)
  eden space 141312K, 42% used [0x00000000eb400000,0x00000000eee88cf8,0x00000000f3e00000)
  from space 12288K, 20% used [0x00000000f3e00000,0x00000000f407d0e8,0x00000000f4a00000)
  to   space 12288K, 0% used [0x00000000f6c80000,0x00000000f6c80000,0x00000000f7880000)
 ParOldGen       total 36352K, used 19352K [0x00000000c1c00000, 0x00000000c3f80000, 0x00000000eb400000)
  object space 36352K, 53% used [0x00000000c1c00000,0x00000000c2ee6148,0x00000000c3f80000)
 Metaspace       used 36592K, capacity 37840K, committed 38104K, reserved 1083392K
  class space    used 4588K, capacity 4854K, committed 4864K, reserved 1048576K
GC Heap History (10 events):
Event: 6.822 GC heap before
{Heap before GC invocations=9 (full 1):
 PSYoungGen      total 71168K, used 65024K [0x00000000eb400000, 0x00000000f4000000, 0x0000000100000000)
  eden space 65024K, 100% used [0x00000000eb400000,0x00000000ef380000,0x00000000ef380000)
  from space 6144K, 0% used [0x00000000ef380000,0x00000000ef380000,0x00000000ef980000)
  to   space 6656K, 0% used [0x00000000f3980000,0x00000000f3980000,0x00000000f4000000)
 ParOldGen       total 36352K, used 9640K [0x00000000c1c00000, 0x00000000c3f80000, 0x00000000eb400000)
  object space 36352K, 26% used [0x00000000c1c00000,0x00000000c256a338,0x00000000c3f80000)
 Metaspace       used 24259K, capacity 25052K, committed 25344K, reserved 1071104K
  class space    used 3090K, capacity 3270K, committed 3328K, reserved 1048576K
Event: 6.897 GC heap after
Heap after GC invocations=9 (full 1):
 PSYoungGen      total 112128K, used 6633K [0x00000000eb400000, 0x00000000f4000000, 0x0000000100000000)
  eden space 105472K, 0% used [0x00000000eb400000,0x00000000eb400000,0x00000000f1b00000)
  from space 6656K, 99% used [0x00000000f3980000,0x00000000f3ffa400,0x00000000f4000000)
  to   space 8192K, 0% used [0x00000000f3000000,0x00000000f3000000,0x00000000f3800000)
 ParOldGen       total 36352K, used 10944K [0x00000000c1c00000, 0x00000000c3f80000, 0x00000000eb400000)
  object space 36352K, 30% used [0x00000000c1c00000,0x00000000c26b0370,0x00000000c3f80000)
 Metaspace       used 24259K, capacity 25052K, committed 25344K, reserved 1071104K
  class space    used 3090K, capacity 3270K, committed 3328K, reserved 1048576K
}
Event: 9.767 GC heap before
{Heap before GC invocations=10 (full 1):
 PSYoungGen      total 112128K, used 112105K [0x00000000eb400000, 0x00000000f4000000, 0x0000000100000000)
  eden space 105472K, 100% used [0x00000000eb400000,0x00000000f1b00000,0x00000000f1b00000)
  from space 6656K, 99% used [0x00000000f3980000,0x00000000f3ffa400,0x00000000f4000000)
  to   space 8192K, 0% used [0x00000000f3000000,0x00000000f3000000,0x00000000f3800000)
 ParOldGen       total 36352K, used 10944K [0x00000000c1c00000, 0x00000000c3f80000, 0x00000000eb400000)
  object space 36352K, 30% used [0x00000000c1c00000,0x00000000c26b0370,0x00000000c3f80000)
 Metaspace       used 29276K, capacity 30284K, committed 30336K, reserved 1075200K
  class space    used 3742K, capacity 3968K, committed 3968K, reserved 1048576K
Event: 9.793 GC heap after
Heap after GC invocations=10 (full 1):
 PSYoungGen      total 135168K, used 8180K [0x00000000eb400000, 0x00000000f5500000, 0x0000000100000000)
  eden space 126976K, 0% used [0x00000000eb400000,0x00000000eb400000,0x00000000f3000000)
  from space 8192K, 99% used [0x00000000f3000000,0x00000000f37fd030,0x00000000f3800000)
  to   space 11264K, 0% used [0x00000000f4a00000,0x00000000f4a00000,0x00000000f5500000)
 ParOldGen       total 36352K, used 16012K [0x00000000c1c00000, 0x00000000c3f80000, 0x00000000eb400000)
  object space 36352K, 44% used [0x00000000c1c00000,0x00000000c2ba30e0,0x00000000c3f80000)
 Metaspace       used 29276K, capacity 30284K, committed 30336K, reserved 1075200K
  class space    used 3742K, capacity 3968K, committed 3968K, reserved 1048576K
}
Event: 12.491 GC heap before
{Heap before GC invocations=11 (full 1):
 PSYoungGen      total 135168K, used 95593K [0x00000000eb400000, 0x00000000f5500000, 0x0000000100000000)
  eden space 126976K, 68% used [0x00000000eb400000,0x00000000f095d6c8,0x00000000f3000000)
  from space 8192K, 99% used [0x00000000f3000000,0x00000000f37fd030,0x00000000f3800000)
  to   space 11264K, 0% used [0x00000000f4a00000,0x00000000f4a00000,0x00000000f5500000)
 ParOldGen       total 36352K, used 16012K [0x00000000c1c00000, 0x00000000c3f80000, 0x00000000eb400000)
  object space 36352K, 44% used [0x00000000c1c00000,0x00000000c2ba30e0,0x00000000c3f80000)
 Metaspace       used 34091K, capacity 35298K, committed 35416K, reserved 1079296K
  class space    used 4366K, capacity 4643K, committed 4736K, reserved 1048576K
Event: 12.555 GC heap after
Heap after GC invocations=11 (full 1):
 PSYoungGen      total 152576K, used 10787K [0x00000000eb400000, 0x00000000f7480000, 0x0000000100000000)
  eden space 141312K, 0% used [0x00000000eb400000,0x00000000eb400000,0x00000000f3e00000)
  from space 11264K, 95% used [0x00000000f4a00000,0x00000000f5488c78,0x00000000f5500000)
  to   space 12288K, 0% used [0x00000000f3e00000,0x00000000f3e00000,0x00000000f4a00000)
 ParOldGen       total 36352K, used 19160K [0x00000000c1c00000, 0x00000000c3f80000, 0x00000000eb400000)
  object space 36352K, 52% used [0x00000000c1c00000,0x00000000c2eb6110,0x00000000c3f80000)
 Metaspace       used 34091K, capacity 35298K, committed 35416K, reserved 1079296K
  class space    used 4366K, capacity 4643K, committed 4736K, reserved 1048576K
}
Event: 12.555 GC heap before
{Heap before GC invocations=12 (full 2):
 PSYoungGen      total 152576K, used 10787K [0x00000000eb400000, 0x00000000f7480000, 0x0000000100000000)
  eden space 141312K, 0% used [0x00000000eb400000,0x00000000eb400000,0x00000000f3e00000)
  from space 11264K, 95% used [0x00000000f4a00000,0x00000000f5488c78,0x00000000f5500000)
  to   space 12288K, 0% used [0x00000000f3e00000,0x00000000f3e00000,0x00000000f4a00000)
 ParOldGen       total 36352K, used 19160K [0x00000000c1c00000, 0x00000000c3f80000, 0x00000000eb400000)
  object space 36352K, 52% used [0x00000000c1c00000,0x00000000c2eb6110,0x00000000c3f80000)
 Metaspace       used 34091K, capacity 35298K, committed 35416K, reserved 1079296K
  class space    used 4366K, capacity 4643K, committed 4736K, reserved 1048576K
Event: 12.814 GC heap after
Heap after GC invocations=12 (full 2):
 PSYoungGen      total 152576K, used 0K [0x00000000eb400000, 0x00000000f7480000, 0x0000000100000000)
  eden space 141312K, 0% used [0x00000000eb400000,0x00000000eb400000,0x00000000f3e00000)
  from space 11264K, 0% used [0x00000000f4a00000,0x00000000f4a00000,0x00000000f5500000)
  to   space 12288K, 0% used [0x00000000f3e00000,0x00000000f3e00000,0x00000000f4a00000)
 ParOldGen       total 36352K, used 19344K [0x00000000c1c00000, 0x00000000c3f80000, 0x00000000eb400000)
  object space 36352K, 53% used [0x00000000c1c00000,0x00000000c2ee4148,0x00000000c3f80000)
 Metaspace       used 34091K, capacity 35298K, committed 35416K, reserved 1079296K
  class space    used 4366K, capacity 4643K, committed 4736K, reserved 1048576K
}
Event: 14.323 GC heap before
{Heap before GC invocations=13 (full 2):
 PSYoungGen      total 152576K, used 141312K [0x00000000eb400000, 0x00000000f7480000, 0x0000000100000000)
  eden space 141312K, 100% used [0x00000000eb400000,0x00000000f3e00000,0x00000000f3e00000)
  from space 11264K, 0% used [0x00000000f4a00000,0x00000000f4a00000,0x00000000f5500000)
  to   space 12288K, 0% used [0x00000000f3e00000,0x00000000f3e00000,0x00000000f4a00000)
 ParOldGen       total 36352K, used 19344K [0x00000000c1c00000, 0x00000000c3f80000, 0x00000000eb400000)
  object space 36352K, 53% used [0x00000000c1c00000,0x00000000c2ee4148,0x00000000c3f80000)
 Metaspace       used 36132K, capacity 37376K, committed 37592K, reserved 1081344K
  class space    used 4556K, capacity 4814K, committed 4864K, reserved 1048576K
Event: 14.330 GC heap after
Heap after GC invocations=13 (full 2):
 PSYoungGen      total 153600K, used 2548K [0x00000000eb400000, 0x00000000f7880000, 0x0000000100000000)
  eden space 141312K, 0% used [0x00000000eb400000,0x00000000eb400000,0x00000000f3e00000)
  from space 12288K, 20% used [0x00000000f3e00000,0x00000000f407d0e8,0x00000000f4a00000)
  to   space 12288K, 0% used [0x00000000f6c80000,0x00000000f6c80000,0x00000000f7880000)
 ParOldGen       total 36352K, used 19352K [0x00000000c1c00000, 0x00000000c3f80000, 0x00000000eb400000)
  object space 36352K, 53% used [0x00000000c1c00000,0x00000000c2ee6148,0x00000000c3f80000)
 Metaspace       used 36132K, capacity 37376K, committed 37592K, reserved 1081344K
  class space    used 4556K, capacity 4814K, committed 4864K, reserved 1048576K
}

