# JRE version: Java(TM) SE Runtime Environment (8.0_231-b11) (build 1.8.0_231-b11)
# Java VM: Java HotSpot(TM) 64-Bit Server VM (25.231-b11 mixed mode windows-amd64 compressed oops)
Heap:
 PSYoungGen      total 205824K, used 14983K [0x00000000eb400000, 0x00000000fae00000, 0x0000000100000000)
  eden space 194048K, 1% used [0x00000000eb400000,0x00000000eb728910,0x00000000f7180000)
  from space 11776K, 99% used [0x00000000f7180000,0x00000000f7cf9680,0x00000000f7d00000)
  to   space 14336K, 0% used [0x00000000fa000000,0x00000000fa000000,0x00000000fae00000)
 ParOldGen       total 58368K, used 34069K [0x00000000c1c00000, 0x00000000c5500000, 0x00000000eb400000)
  object space 58368K, 58% used [0x00000000c1c00000,0x00000000c3d45770,0x00000000c5500000)
 Metaspace       used 55049K, capacity 57464K, committed 57560K, reserved 1099776K
  class space    used 7180K, capacity 7620K, committed 7680K, reserved 1048576K
GC Heap History (10 events):
Event: 10.862 GC heap before
{Heap before GC invocations=15 (full 2):
 PSYoungGen      total 128000K, used 119296K [0x00000000eb400000, 0x00000000f3a80000, 0x0000000100000000)
  eden space 119296K, 100% used [0x00000000eb400000,0x00000000f2880000,0x00000000f2880000)
  from space 8704K, 0% used [0x00000000f3200000,0x00000000f3200000,0x00000000f3a80000)
  to   space 9216K, 0% used [0x00000000f2880000,0x00000000f2880000,0x00000000f3180000)
 ParOldGen       total 58368K, used 18254K [0x00000000c1c00000, 0x00000000c5500000, 0x00000000eb400000)
  object space 58368K, 31% used [0x00000000c1c00000,0x00000000c2dd3918,0x00000000c5500000)
 Metaspace       used 36019K, capacity 37244K, committed 37336K, reserved 1081344K
  class space    used 4555K, capacity 4814K, committed 4864K, reserved 1048576K
Event: 10.866 GC heap after
Heap after GC invocations=15 (full 2):
 PSYoungGen      total 128512K, used 2482K [0x00000000eb400000, 0x00000000f5c80000, 0x0000000100000000)
  eden space 119296K, 0% used [0x00000000eb400000,0x00000000eb400000,0x00000000f2880000)
  from space 9216K, 26% used [0x00000000f2880000,0x00000000f2aec8e0,0x00000000f3180000)
  to   space 9216K, 0% used [0x00000000f5380000,0x00000000f5380000,0x00000000f5c80000)
 ParOldGen       total 58368K, used 18262K [0x00000000c1c00000, 0x00000000c5500000, 0x00000000eb400000)
  object space 58368K, 31% used [0x00000000c1c00000,0x00000000c2dd5918,0x00000000c5500000)
 Metaspace       used 36019K, capacity 37244K, committed 37336K, reserved 1081344K
  class space    used 4555K, capacity 4814K, committed 4864K, reserved 1048576K
}
Event: 11.857 GC heap before
{Heap before GC invocations=16 (full 2):
 PSYoungGen      total 128512K, used 121778K [0x00000000eb400000, 0x00000000f5c80000, 0x0000000100000000)
  eden space 119296K, 100% used [0x00000000eb400000,0x00000000f2880000,0x00000000f2880000)
  from space 9216K, 26% used [0x00000000f2880000,0x00000000f2aec8e0,0x00000000f3180000)
  to   space 9216K, 0% used [0x00000000f5380000,0x00000000f5380000,0x00000000f5c80000)
 ParOldGen       total 58368K, used 18262K [0x00000000c1c00000, 0x00000000c5500000, 0x00000000eb400000)
  object space 58368K, 31% used [0x00000000c1c00000,0x00000000c2dd5918,0x00000000c5500000)
 Metaspace       used 38604K, capacity 39882K, committed 40024K, reserved 1083392K
  class space    used 4964K, capacity 5239K, committed 5248K, reserved 1048576K
Event: 11.869 GC heap after
Heap after GC invocations=16 (full 2):
 PSYoungGen      total 160256K, used 4244K [0x00000000eb400000, 0x00000000f5b00000, 0x0000000100000000)
  eden space 152576K, 0% used [0x00000000eb400000,0x00000000eb400000,0x00000000f4900000)
  from space 7680K, 55% used [0x00000000f5380000,0x00000000f57a5060,0x00000000f5b00000)
  to   space 9216K, 0% used [0x00000000f4900000,0x00000000f4900000,0x00000000f5200000)
 ParOldGen       total 58368K, used 19590K [0x00000000c1c00000, 0x00000000c5500000, 0x00000000eb400000)
  object space 58368K, 33% used [0x00000000c1c00000,0x00000000c2f21968,0x00000000c5500000)
 Metaspace       used 38604K, capacity 39882K, committed 40024K, reserved 1083392K
  class space    used 4964K, capacity 5239K, committed 5248K, reserved 1048576K
}
Event: 14.082 GC heap before
{Heap before GC invocations=17 (full 2):
 PSYoungGen      total 160256K, used 156820K [0x00000000eb400000, 0x00000000f5b00000, 0x0000000100000000)
  eden space 152576K, 100% used [0x00000000eb400000,0x00000000f4900000,0x00000000f4900000)
  from space 7680K, 55% used [0x00000000f5380000,0x00000000f57a5060,0x00000000f5b00000)
  to   space 9216K, 0% used [0x00000000f4900000,0x00000000f4900000,0x00000000f5200000)
 ParOldGen       total 58368K, used 19590K [0x00000000c1c00000, 0x00000000c5500000, 0x00000000eb400000)
  object space 58368K, 33% used [0x00000000c1c00000,0x00000000c2f21968,0x00000000c5500000)
 Metaspace       used 43829K, capacity 45444K, committed 45528K, reserved 1089536K
  class space    used 5565K, capacity 5878K, committed 5888K, reserved 1048576K
Event: 14.109 GC heap after
Heap after GC invocations=17 (full 2):
 PSYoungGen      total 161792K, used 9215K [0x00000000eb400000, 0x00000000f8880000, 0x0000000100000000)
  eden space 152576K, 0% used [0x00000000eb400000,0x00000000eb400000,0x00000000f4900000)
  from space 9216K, 99% used [0x00000000f4900000,0x00000000f51ffe48,0x00000000f5200000)
  to   space 11776K, 0% used [0x00000000f7d00000,0x00000000f7d00000,0x00000000f8880000)
 ParOldGen       total 58368K, used 22941K [0x00000000c1c00000, 0x00000000c5500000, 0x00000000eb400000)
  object space 58368K, 39% used [0x00000000c1c00000,0x00000000c3267508,0x00000000c5500000)
 Metaspace       used 43829K, capacity 45444K, committed 45528K, reserved 1089536K
  class space    used 5565K, capacity 5878K, committed 5888K, reserved 1048576K
}
Event: 15.800 GC heap before
{Heap before GC invocations=18 (full 2):
 PSYoungGen      total 161792K, used 161791K [0x00000000eb400000, 0x00000000f8880000, 0x0000000100000000)
  eden space 152576K, 100% used [0x00000000eb400000,0x00000000f4900000,0x00000000f4900000)
  from space 9216K, 99% used [0x00000000f4900000,0x00000000f51ffe48,0x00000000f5200000)
  to   space 11776K, 0% used [0x00000000f7d00000,0x00000000f7d00000,0x00000000f8880000)
 ParOldGen       total 58368K, used 22941K [0x00000000c1c00000, 0x00000000c5500000, 0x00000000eb400000)
  object space 58368K, 39% used [0x00000000c1c00000,0x00000000c3267508,0x00000000c5500000)
 Metaspace       used 46521K, capacity 48624K, committed 48856K, reserved 1091584K
  class space    used 6017K, capacity 6384K, committed 6400K, reserved 1048576K
Event: 15.827 GC heap after
Heap after GC invocations=18 (full 2):
 PSYoungGen      total 205824K, used 6997K [0x00000000eb400000, 0x00000000f8900000, 0x0000000100000000)
  eden space 194048K, 0% used [0x00000000eb400000,0x00000000eb400000,0x00000000f7180000)
  from space 11776K, 59% used [0x00000000f7d00000,0x00000000f83d56a0,0x00000000f8880000)
  to   space 11776K, 0% used [0x00000000f7180000,0x00000000f7180000,0x00000000f7d00000)
 ParOldGen       total 58368K, used 31229K [0x00000000c1c00000, 0x00000000c5500000, 0x00000000eb400000)
  object space 58368K, 53% used [0x00000000c1c00000,0x00000000c3a7f590,0x00000000c5500000)
 Metaspace       used 46521K, capacity 48624K, committed 48856K, reserved 1091584K
  class space    used 6017K, capacity 6384K, committed 6400K, reserved 1048576K
}
Event: 19.292 GC heap before
{Heap before GC invocations=19 (full 2):
 PSYoungGen      total 205824K, used 201045K [0x00000000eb400000, 0x00000000f8900000, 0x0000000100000000)
  eden space 194048K, 100% used [0x00000000eb400000,0x00000000f7180000,0x00000000f7180000)
  from space 11776K, 59% used [0x00000000f7d00000,0x00000000f83d56a0,0x00000000f8880000)
  to   space 11776K, 0% used [0x00000000f7180000,0x00000000f7180000,0x00000000f7d00000)
 ParOldGen       total 58368K, used 31229K [0x00000000c1c00000, 0x00000000c5500000, 0x00000000eb400000)
  object space 58368K, 53% used [0x00000000c1c00000,0x00000000c3a7f590,0x00000000c5500000)
 Metaspace       used 55036K, capacity 57452K, committed 57560K, reserved 1099776K
  class space    used 7178K, capacity 7618K, committed 7680K, reserved 1048576K
Event: 19.317 GC heap after
Heap after GC invocations=19 (full 2):
 PSYoungGen      total 205824K, used 11749K [0x00000000eb400000, 0x00000000fae00000, 0x0000000100000000)
  eden space 194048K, 0% used [0x00000000eb400000,0x00000000eb400000,0x00000000f7180000)
  from space 11776K, 99% used [0x00000000f7180000,0x00000000f7cf9680,0x00000000f7d00000)
  to   space 14336K, 0% used [0x00000000fa000000,0x00000000fa000000,0x00000000fae00000)
 ParOldGen       total 58368K, used 34069K [0x00000000c1c00000, 0x00000000c5500000, 0x00000000eb400000)
  object space 58368K, 58% used [0x00000000c1c00000,0x00000000c3d45770,0x00000000c5500000)
 Metaspace       used 55036K, capacity 57452K, committed 57560K, reserved 1099776K
  class space    used 7178K, capacity 7618K, committed 7680K, reserved 1048576K
}

