# JRE version: Java(TM) SE Runtime Environment (8.0_231-b11) (build 1.8.0_231-b11)
# Java VM: Java HotSpot(TM) 64-Bit Server VM (25.231-b11 mixed mode windows-amd64 compressed oops)
Heap:
 PSYoungGen      total 282112K, used 57624K [0x00000000eb400000, 0x0000000100000000, 0x0000000100000000)
  eden space 268288K, 16% used [0x00000000eb400000,0x00000000edeca448,0x00000000fba00000)
  from space 13824K, 99% used [0x00000000fba00000,0x00000000fc77be30,0x00000000fc780000)
  to   space 17920K, 0% used [0x00000000fee80000,0x00000000fee80000,0x0000000100000000)
 ParOldGen       total 50688K, used 21272K [0x00000000c1c00000, 0x00000000c4d80000, 0x00000000eb400000)
  object space 50688K, 41% used [0x00000000c1c00000,0x00000000c30c63a8,0x00000000c4d80000)
 Metaspace       used 45778K, capacity 47736K, committed 48000K, reserved 1091584K
  class space    used 5904K, capacity 6260K, committed 6272K, reserved 1048576K
GC Heap History (10 events):
Event: 11.475 GC heap before
{Heap before GC invocations=11 (full 1):
 PSYoungGen      total 136192K, used 136160K [0x00000000eb400000, 0x00000000f7e00000, 0x0000000100000000)
  eden space 129536K, 100% used [0x00000000eb400000,0x00000000f3280000,0x00000000f3280000)
  from space 6656K, 99% used [0x00000000f3280000,0x00000000f38f8020,0x00000000f3900000)
  to   space 10752K, 0% used [0x00000000f7380000,0x00000000f7380000,0x00000000f7e00000)
 ParOldGen       total 30720K, used 15498K [0x00000000c1c00000, 0x00000000c3a00000, 0x00000000eb400000)
  object space 30720K, 50% used [0x00000000c1c00000,0x00000000c2b22b98,0x00000000c3a00000)
 Metaspace       used 34543K, capacity 35784K, committed 35968K, reserved 1081344K
  class space    used 4430K, capacity 4676K, committed 4736K, reserved 1048576K
Event: 11.497 GC heap after
Heap after GC invocations=11 (full 1):
 PSYoungGen      total 193024K, used 10720K [0x00000000eb400000, 0x00000000f8100000, 0x0000000100000000)
  eden space 182272K, 0% used [0x00000000eb400000,0x00000000eb400000,0x00000000f6600000)
  from space 10752K, 99% used [0x00000000f7380000,0x00000000f7df8020,0x00000000f7e00000)
  to   space 13824K, 0% used [0x00000000f6600000,0x00000000f6600000,0x00000000f7380000)
 ParOldGen       total 30720K, used 20818K [0x00000000c1c00000, 0x00000000c3a00000, 0x00000000eb400000)
  object space 30720K, 67% used [0x00000000c1c00000,0x00000000c3054860,0x00000000c3a00000)
 Metaspace       used 34543K, capacity 35784K, committed 35968K, reserved 1081344K
  class space    used 4430K, capacity 4676K, committed 4736K, reserved 1048576K
}
Event: 11.543 GC heap before
{Heap before GC invocations=12 (full 1):
 PSYoungGen      total 193024K, used 13599K [0x00000000eb400000, 0x00000000f8100000, 0x0000000100000000)
  eden space 182272K, 1% used [0x00000000eb400000,0x00000000eb6cfec8,0x00000000f6600000)
  from space 10752K, 99% used [0x00000000f7380000,0x00000000f7df8020,0x00000000f7e00000)
  to   space 13824K, 0% used [0x00000000f6600000,0x00000000f6600000,0x00000000f7380000)
 ParOldGen       total 30720K, used 20818K [0x00000000c1c00000, 0x00000000c3a00000, 0x00000000eb400000)
  object space 30720K, 67% used [0x00000000c1c00000,0x00000000c3054860,0x00000000c3a00000)
 Metaspace       used 34745K, capacity 35946K, committed 36048K, reserved 1081344K
  class space    used 4451K, capacity 4709K, committed 4736K, reserved 1048576K
Event: 11.558 GC heap after
Heap after GC invocations=12 (full 1):
 PSYoungGen      total 196096K, used 288K [0x00000000eb400000, 0x00000000fde80000, 0x0000000100000000)
  eden space 182272K, 0% used [0x00000000eb400000,0x00000000eb400000,0x00000000f6600000)
  from space 13824K, 2% used [0x00000000f6600000,0x00000000f6648000,0x00000000f7380000)
  to   space 14336K, 0% used [0x00000000fd080000,0x00000000fd080000,0x00000000fde80000)
 ParOldGen       total 32256K, used 31524K [0x00000000c1c00000, 0x00000000c3b80000, 0x00000000eb400000)
  object space 32256K, 97% used [0x00000000c1c00000,0x00000000c3ac9130,0x00000000c3b80000)
 Metaspace       used 34745K, capacity 35946K, committed 36048K, reserved 1081344K
  class space    used 4451K, capacity 4709K, committed 4736K, reserved 1048576K
}
Event: 11.558 GC heap before
{Heap before GC invocations=13 (full 2):
 PSYoungGen      total 196096K, used 288K [0x00000000eb400000, 0x00000000fde80000, 0x0000000100000000)
  eden space 182272K, 0% used [0x00000000eb400000,0x00000000eb400000,0x00000000f6600000)
  from space 13824K, 2% used [0x00000000f6600000,0x00000000f6648000,0x00000000f7380000)
  to   space 14336K, 0% used [0x00000000fd080000,0x00000000fd080000,0x00000000fde80000)
 ParOldGen       total 32256K, used 31524K [0x00000000c1c00000, 0x00000000c3b80000, 0x00000000eb400000)
  object space 32256K, 97% used [0x00000000c1c00000,0x00000000c3ac9130,0x00000000c3b80000)
 Metaspace       used 34745K, capacity 35946K, committed 36048K, reserved 1081344K
  class space    used 4451K, capacity 4709K, committed 4736K, reserved 1048576K
Event: 11.694 GC heap after
Heap after GC invocations=13 (full 2):
 PSYoungGen      total 196096K, used 0K [0x00000000eb400000, 0x00000000fde80000, 0x0000000100000000)
  eden space 182272K, 0% used [0x00000000eb400000,0x00000000eb400000,0x00000000f6600000)
  from space 13824K, 0% used [0x00000000f6600000,0x00000000f6600000,0x00000000f7380000)
  to   space 14336K, 0% used [0x00000000fd080000,0x00000000fd080000,0x00000000fde80000)
 ParOldGen       total 50688K, used 17314K [0x00000000c1c00000, 0x00000000c4d80000, 0x00000000eb400000)
  object space 50688K, 34% used [0x00000000c1c00000,0x00000000c2ce8810,0x00000000c4d80000)
 Metaspace       used 34745K, capacity 35946K, committed 36048K, reserved 1081344K
  class space    used 4451K, capacity 4709K, committed 4736K, reserved 1048576K
}
Event: 12.436 GC heap before
{Heap before GC invocations=14 (full 2):
 PSYoungGen      total 196096K, used 182272K [0x00000000eb400000, 0x00000000fde80000, 0x0000000100000000)
  eden space 182272K, 100% used [0x00000000eb400000,0x00000000f6600000,0x00000000f6600000)
  from space 13824K, 0% used [0x00000000f6600000,0x00000000f6600000,0x00000000f7380000)
  to   space 14336K, 0% used [0x00000000fd080000,0x00000000fd080000,0x00000000fde80000)
 ParOldGen       total 50688K, used 17314K [0x00000000c1c00000, 0x00000000c4d80000, 0x00000000eb400000)
  object space 50688K, 34% used [0x00000000c1c00000,0x00000000c2ce8810,0x00000000c4d80000)
 Metaspace       used 36199K, capacity 37476K, committed 37632K, reserved 1081344K
  class space    used 4560K, capacity 4846K, committed 4864K, reserved 1048576K
Event: 12.442 GC heap after
Heap after GC invocations=14 (full 2):
 PSYoungGen      total 272896K, used 2619K [0x00000000eb400000, 0x00000000fd500000, 0x0000000100000000)
  eden space 268288K, 0% used [0x00000000eb400000,0x00000000eb400000,0x00000000fba00000)
  from space 4608K, 56% used [0x00000000fd080000,0x00000000fd30ef08,0x00000000fd500000)
  to   space 13824K, 0% used [0x00000000fba00000,0x00000000fba00000,0x00000000fc780000)
 ParOldGen       total 50688K, used 17322K [0x00000000c1c00000, 0x00000000c4d80000, 0x00000000eb400000)
  object space 50688K, 34% used [0x00000000c1c00000,0x00000000c2cea810,0x00000000c4d80000)
 Metaspace       used 36199K, capacity 37476K, committed 37632K, reserved 1081344K
  class space    used 4560K, capacity 4846K, committed 4864K, reserved 1048576K
}
Event: 16.522 GC heap before
{Heap before GC invocations=15 (full 2):
 PSYoungGen      total 272896K, used 270907K [0x00000000eb400000, 0x00000000fd500000, 0x0000000100000000)
  eden space 268288K, 100% used [0x00000000eb400000,0x00000000fba00000,0x00000000fba00000)
  from space 4608K, 56% used [0x00000000fd080000,0x00000000fd30ef08,0x00000000fd500000)
  to   space 13824K, 0% used [0x00000000fba00000,0x00000000fba00000,0x00000000fc780000)
 ParOldGen       total 50688K, used 17322K [0x00000000c1c00000, 0x00000000c4d80000, 0x00000000eb400000)
  object space 50688K, 34% used [0x00000000c1c00000,0x00000000c2cea810,0x00000000c4d80000)
 Metaspace       used 44864K, capacity 46752K, committed 46848K, reserved 1089536K
  class space    used 5763K, capacity 6116K, committed 6144K, reserved 1048576K
Event: 16.563 GC heap after
Heap after GC invocations=15 (full 2):
 PSYoungGen      total 282112K, used 13807K [0x00000000eb400000, 0x0000000100000000, 0x0000000100000000)
  eden space 268288K, 0% used [0x00000000eb400000,0x00000000eb400000,0x00000000fba00000)
  from space 13824K, 99% used [0x00000000fba00000,0x00000000fc77be30,0x00000000fc780000)
  to   space 17920K, 0% used [0x00000000fee80000,0x00000000fee80000,0x0000000100000000)
 ParOldGen       total 50688K, used 21272K [0x00000000c1c00000, 0x00000000c4d80000, 0x00000000eb400000)
  object space 50688K, 41% used [0x00000000c1c00000,0x00000000c30c63a8,0x00000000c4d80000)
 Metaspace       used 44864K, capacity 46752K, committed 46848K, reserved 1089536K
  class space    used 5763K, capacity 6116K, committed 6144K, reserved 1048576K
}

