# JRE version: Java(TM) SE Runtime Environment (8.0_231-b11) (build 1.8.0_231-b11)
# Java VM: Java HotSpot(TM) 64-Bit Server VM (25.231-b11 mixed mode windows-amd64 compressed oops)
Heap:
 PSYoungGen      total 71168K, used 25674K [0x00000000eb400000, 0x00000000f4100000, 0x0000000100000000)
  eden space 65024K, 39% used [0x00000000eb400000,0x00000000ecd12bc8,0x00000000ef380000)
  from space 6144K, 0% used [0x00000000ef380000,0x00000000ef380000,0x00000000ef980000)
  to   space 7168K, 0% used [0x00000000f3a00000,0x00000000f3a00000,0x00000000f4100000)
 ParOldGen       total 35840K, used 8731K [0x00000000c1c00000, 0x00000000c3f00000, 0x00000000eb400000)
  object space 35840K, 24% used [0x00000000c1c00000,0x00000000c2486e08,0x00000000c3f00000)
 Metaspace       used 22203K, capacity 22882K, committed 23040K, reserved 1069056K
  class space    used 2858K, capacity 3033K, committed 3072K, reserved 1048576K
GC Heap History (10 events):
Event: 3.529 GC heap before
{Heap before GC invocations=4 (full 0):
 PSYoungGen      total 18944K, used 18928K [0x00000000eb400000, 0x00000000ed900000, 0x0000000100000000)
  eden space 16384K, 100% used [0x00000000eb400000,0x00000000ec400000,0x00000000ec400000)
  from space 2560K, 99% used [0x00000000ec400000,0x00000000ec67c3d8,0x00000000ec680000)
  to   space 2560K, 0% used [0x00000000ed680000,0x00000000ed680000,0x00000000ed900000)
 ParOldGen       total 44032K, used 2171K [0x00000000c1c00000, 0x00000000c4700000, 0x00000000eb400000)
  object space 44032K, 4% used [0x00000000c1c00000,0x00000000c1e1edc8,0x00000000c4700000)
 Metaspace       used 11798K, capacity 12166K, committed 12288K, reserved 1060864K
  class space    used 1377K, capacity 1481K, committed 1536K, reserved 1048576K
Event: 3.592 GC heap after
Heap after GC invocations=4 (full 0):
 PSYoungGen      total 35328K, used 2544K [0x00000000eb400000, 0x00000000ed900000, 0x0000000100000000)
  eden space 32768K, 0% used [0x00000000eb400000,0x00000000eb400000,0x00000000ed400000)
  from space 2560K, 99% used [0x00000000ed680000,0x00000000ed8fc3d8,0x00000000ed900000)
  to   space 2560K, 0% used [0x00000000ed400000,0x00000000ed400000,0x00000000ed680000)
 ParOldGen       total 44032K, used 3511K [0x00000000c1c00000, 0x00000000c4700000, 0x00000000eb400000)
  object space 44032K, 7% used [0x00000000c1c00000,0x00000000c1f6def8,0x00000000c4700000)
 Metaspace       used 11798K, capacity 12166K, committed 12288K, reserved 1060864K
  class space    used 1377K, capacity 1481K, committed 1536K, reserved 1048576K
}
Event: 4.710 GC heap before
{Heap before GC invocations=5 (full 0):
 PSYoungGen      total 35328K, used 35312K [0x00000000eb400000, 0x00000000ed900000, 0x0000000100000000)
  eden space 32768K, 100% used [0x00000000eb400000,0x00000000ed400000,0x00000000ed400000)
  from space 2560K, 99% used [0x00000000ed680000,0x00000000ed8fc3d8,0x00000000ed900000)
  to   space 2560K, 0% used [0x00000000ed400000,0x00000000ed400000,0x00000000ed680000)
 ParOldGen       total 44032K, used 3511K [0x00000000c1c00000, 0x00000000c4700000, 0x00000000eb400000)
  object space 44032K, 7% used [0x00000000c1c00000,0x00000000c1f6def8,0x00000000c4700000)
 Metaspace       used 15610K, capacity 16220K, committed 16512K, reserved 1062912K
  class space    used 1958K, capacity 2082K, committed 2176K, reserved 1048576K
Event: 4.720 GC heap after
Heap after GC invocations=5 (full 0):
 PSYoungGen      total 35328K, used 2544K [0x00000000eb400000, 0x00000000eff00000, 0x0000000100000000)
  eden space 32768K, 0% used [0x00000000eb400000,0x00000000eb400000,0x00000000ed400000)
  from space 2560K, 99% used [0x00000000ed400000,0x00000000ed67c3f8,0x00000000ed680000)
  to   space 5632K, 0% used [0x00000000ef980000,0x00000000ef980000,0x00000000eff00000)
 ParOldGen       total 44032K, used 6645K [0x00000000c1c00000, 0x00000000c4700000, 0x00000000eb400000)
  object space 44032K, 15% used [0x00000000c1c00000,0x00000000c227d408,0x00000000c4700000)
 Metaspace       used 15610K, capacity 16220K, committed 16512K, reserved 1062912K
  class space    used 1958K, capacity 2082K, committed 2176K, reserved 1048576K
}
Event: 5.132 GC heap before
{Heap before GC invocations=6 (full 0):
 PSYoungGen      total 35328K, used 35312K [0x00000000eb400000, 0x00000000eff00000, 0x0000000100000000)
  eden space 32768K, 100% used [0x00000000eb400000,0x00000000ed400000,0x00000000ed400000)
  from space 2560K, 99% used [0x00000000ed400000,0x00000000ed67c3f8,0x00000000ed680000)
  to   space 5632K, 0% used [0x00000000ef980000,0x00000000ef980000,0x00000000eff00000)
 ParOldGen       total 44032K, used 6645K [0x00000000c1c00000, 0x00000000c4700000, 0x00000000eb400000)
  object space 44032K, 15% used [0x00000000c1c00000,0x00000000c227d408,0x00000000c4700000)
 Metaspace       used 18040K, capacity 18740K, committed 18944K, reserved 1064960K
  class space    used 2378K, capacity 2550K, committed 2560K, reserved 1048576K
Event: 5.144 GC heap after
Heap after GC invocations=6 (full 0):
 PSYoungGen      total 70656K, used 5285K [0x00000000eb400000, 0x00000000f0000000, 0x0000000100000000)
  eden space 65024K, 0% used [0x00000000eb400000,0x00000000eb400000,0x00000000ef380000)
  from space 5632K, 93% used [0x00000000ef980000,0x00000000efea97e0,0x00000000eff00000)
  to   space 6144K, 0% used [0x00000000ef380000,0x00000000ef380000,0x00000000ef980000)
 ParOldGen       total 44032K, used 6653K [0x00000000c1c00000, 0x00000000c4700000, 0x00000000eb400000)
  object space 44032K, 15% used [0x00000000c1c00000,0x00000000c227f408,0x00000000c4700000)
 Metaspace       used 18040K, capacity 18740K, committed 18944K, reserved 1064960K
  class space    used 2378K, capacity 2550K, committed 2560K, reserved 1048576K
}
Event: 5.750 GC heap before
{Heap before GC invocations=7 (full 0):
 PSYoungGen      total 70656K, used 36858K [0x00000000eb400000, 0x00000000f0000000, 0x0000000100000000)
  eden space 65024K, 48% used [0x00000000eb400000,0x00000000ed2d5200,0x00000000ef380000)
  from space 5632K, 93% used [0x00000000ef980000,0x00000000efea97e0,0x00000000eff00000)
  to   space 6144K, 0% used [0x00000000ef380000,0x00000000ef380000,0x00000000ef980000)
 ParOldGen       total 44032K, used 6653K [0x00000000c1c00000, 0x00000000c4700000, 0x00000000eb400000)
  object space 44032K, 15% used [0x00000000c1c00000,0x00000000c227f408,0x00000000c4700000)
 Metaspace       used 20448K, capacity 21138K, committed 21248K, reserved 1067008K
  class space    used 2613K, capacity 2771K, committed 2816K, reserved 1048576K
Event: 5.782 GC heap after
Heap after GC invocations=7 (full 0):
 PSYoungGen      total 71168K, used 5969K [0x00000000eb400000, 0x00000000f4100000, 0x0000000100000000)
  eden space 65024K, 0% used [0x00000000eb400000,0x00000000eb400000,0x00000000ef380000)
  from space 6144K, 97% used [0x00000000ef380000,0x00000000ef9547f0,0x00000000ef980000)
  to   space 7168K, 0% used [0x00000000f3a00000,0x00000000f3a00000,0x00000000f4100000)
 ParOldGen       total 44032K, used 8000K [0x00000000c1c00000, 0x00000000c4700000, 0x00000000eb400000)
  object space 44032K, 18% used [0x00000000c1c00000,0x00000000c23d0048,0x00000000c4700000)
 Metaspace       used 20448K, capacity 21138K, committed 21248K, reserved 1067008K
  class space    used 2613K, capacity 2771K, committed 2816K, reserved 1048576K
}
Event: 5.782 GC heap before
{Heap before GC invocations=8 (full 1):
 PSYoungGen      total 71168K, used 5969K [0x00000000eb400000, 0x00000000f4100000, 0x0000000100000000)
  eden space 65024K, 0% used [0x00000000eb400000,0x00000000eb400000,0x00000000ef380000)
  from space 6144K, 97% used [0x00000000ef380000,0x00000000ef9547f0,0x00000000ef980000)
  to   space 7168K, 0% used [0x00000000f3a00000,0x00000000f3a00000,0x00000000f4100000)
 ParOldGen       total 44032K, used 8000K [0x00000000c1c00000, 0x00000000c4700000, 0x00000000eb400000)
  object space 44032K, 18% used [0x00000000c1c00000,0x00000000c23d0048,0x00000000c4700000)
 Metaspace       used 20448K, capacity 21138K, committed 21248K, reserved 1067008K
  class space    used 2613K, capacity 2771K, committed 2816K, reserved 1048576K
Event: 5.941 GC heap after
Heap after GC invocations=8 (full 1):
 PSYoungGen      total 71168K, used 0K [0x00000000eb400000, 0x00000000f4100000, 0x0000000100000000)
  eden space 65024K, 0% used [0x00000000eb400000,0x00000000eb400000,0x00000000ef380000)
  from space 6144K, 0% used [0x00000000ef380000,0x00000000ef380000,0x00000000ef980000)
  to   space 7168K, 0% used [0x00000000f3a00000,0x00000000f3a00000,0x00000000f4100000)
 ParOldGen       total 35840K, used 8731K [0x00000000c1c00000, 0x00000000c3f00000, 0x00000000eb400000)
  object space 35840K, 24% used [0x00000000c1c00000,0x00000000c2486e08,0x00000000c3f00000)
 Metaspace       used 20448K, capacity 21138K, committed 21248K, reserved 1067008K
  class space    used 2613K, capacity 2771K, committed 2816K, reserved 1048576K
}

