# JRE version: Java(TM) SE Runtime Environment (8.0_231-b11) (build 1.8.0_231-b11)
# Java VM: Java HotSpot(TM) 64-Bit Server VM (25.231-b11 mixed mode windows-amd64 compressed oops)
Heap:
 PSYoungGen      total 184832K, used 114033K [0x00000000eb400000, 0x00000000f7500000, 0x0000000100000000)
  eden space 172032K, 58% used [0x00000000eb400000,0x00000000f16e1a50,0x00000000f5c00000)
  from space 12800K, 99% used [0x00000000f5c00000,0x00000000f687aad8,0x00000000f6880000)
  to   space 12800K, 0% used [0x00000000f6880000,0x00000000f6880000,0x00000000f7500000)
 ParOldGen       total 57856K, used 20329K [0x00000000c1c00000, 0x00000000c5480000, 0x00000000eb400000)
  object space 57856K, 35% used [0x00000000c1c00000,0x00000000c2fda620,0x00000000c5480000)
 Metaspace       used 46466K, capacity 48538K, committed 48600K, reserved 1091584K
  class space    used 6010K, capacity 6383K, committed 6400K, reserved 1048576K
GC Heap History (10 events):
Event: 14.829 GC heap before
{Heap before GC invocations=11 (full 1):
 PSYoungGen      total 136704K, used 92610K [0x00000000eb400000, 0x00000000f4f80000, 0x0000000100000000)
  eden space 128000K, 65% used [0x00000000eb400000,0x00000000f05f7f38,0x00000000f3100000)
  from space 8704K, 99% used [0x00000000f3100000,0x00000000f3978a60,0x00000000f3980000)
  to   space 11264K, 0% used [0x00000000f4480000,0x00000000f4480000,0x00000000f4f80000)
 ParOldGen       total 36352K, used 14787K [0x00000000c1c00000, 0x00000000c3f80000, 0x00000000eb400000)
  object space 36352K, 40% used [0x00000000c1c00000,0x00000000c2a70c90,0x00000000c3f80000)
 Metaspace       used 34086K, capacity 35242K, committed 35416K, reserved 1079296K
  class space    used 4360K, capacity 4611K, committed 4736K, reserved 1048576K
Event: 14.847 GC heap after
Heap after GC invocations=11 (full 1):
 PSYoungGen      total 146432K, used 10375K [0x00000000eb400000, 0x00000000f6e80000, 0x0000000100000000)
  eden space 135168K, 0% used [0x00000000eb400000,0x00000000eb400000,0x00000000f3800000)
  from space 11264K, 92% used [0x00000000f4480000,0x00000000f4ea1d18,0x00000000f4f80000)
  to   space 12800K, 0% used [0x00000000f3800000,0x00000000f3800000,0x00000000f4480000)
 ParOldGen       total 36352K, used 17229K [0x00000000c1c00000, 0x00000000c3f80000, 0x00000000eb400000)
  object space 36352K, 47% used [0x00000000c1c00000,0x00000000c2cd34f0,0x00000000c3f80000)
 Metaspace       used 34086K, capacity 35242K, committed 35416K, reserved 1079296K
  class space    used 4360K, capacity 4611K, committed 4736K, reserved 1048576K
}
Event: 14.847 GC heap before
{Heap before GC invocations=12 (full 2):
 PSYoungGen      total 146432K, used 10375K [0x00000000eb400000, 0x00000000f6e80000, 0x0000000100000000)
  eden space 135168K, 0% used [0x00000000eb400000,0x00000000eb400000,0x00000000f3800000)
  from space 11264K, 92% used [0x00000000f4480000,0x00000000f4ea1d18,0x00000000f4f80000)
  to   space 12800K, 0% used [0x00000000f3800000,0x00000000f3800000,0x00000000f4480000)
 ParOldGen       total 36352K, used 17229K [0x00000000c1c00000, 0x00000000c3f80000, 0x00000000eb400000)
  object space 36352K, 47% used [0x00000000c1c00000,0x00000000c2cd34f0,0x00000000c3f80000)
 Metaspace       used 34086K, capacity 35242K, committed 35416K, reserved 1079296K
  class space    used 4360K, capacity 4611K, committed 4736K, reserved 1048576K
Event: 14.996 GC heap after
Heap after GC invocations=12 (full 2):
 PSYoungGen      total 146432K, used 0K [0x00000000eb400000, 0x00000000f6e80000, 0x0000000100000000)
  eden space 135168K, 0% used [0x00000000eb400000,0x00000000eb400000,0x00000000f3800000)
  from space 11264K, 0% used [0x00000000f4480000,0x00000000f4480000,0x00000000f4f80000)
  to   space 12800K, 0% used [0x00000000f3800000,0x00000000f3800000,0x00000000f4480000)
 ParOldGen       total 57856K, used 19104K [0x00000000c1c00000, 0x00000000c5480000, 0x00000000eb400000)
  object space 57856K, 33% used [0x00000000c1c00000,0x00000000c2ea8070,0x00000000c5480000)
 Metaspace       used 34086K, capacity 35242K, committed 35416K, reserved 1079296K
  class space    used 4360K, capacity 4611K, committed 4736K, reserved 1048576K
}
Event: 15.861 GC heap before
{Heap before GC invocations=13 (full 2):
 PSYoungGen      total 146432K, used 135168K [0x00000000eb400000, 0x00000000f6e80000, 0x0000000100000000)
  eden space 135168K, 100% used [0x00000000eb400000,0x00000000f3800000,0x00000000f3800000)
  from space 11264K, 0% used [0x00000000f4480000,0x00000000f4480000,0x00000000f4f80000)
  to   space 12800K, 0% used [0x00000000f3800000,0x00000000f3800000,0x00000000f4480000)
 ParOldGen       total 57856K, used 19104K [0x00000000c1c00000, 0x00000000c5480000, 0x00000000eb400000)
  object space 57856K, 33% used [0x00000000c1c00000,0x00000000c2ea8070,0x00000000c5480000)
 Metaspace       used 36079K, capacity 37288K, committed 37592K, reserved 1081344K
  class space    used 4557K, capacity 4814K, committed 4864K, reserved 1048576K
Event: 15.866 GC heap after
Heap after GC invocations=13 (full 2):
 PSYoungGen      total 147968K, used 2404K [0x00000000eb400000, 0x00000000f7500000, 0x0000000100000000)
  eden space 135168K, 0% used [0x00000000eb400000,0x00000000eb400000,0x00000000f3800000)
  from space 12800K, 18% used [0x00000000f3800000,0x00000000f3a590d8,0x00000000f4480000)
  to   space 12800K, 0% used [0x00000000f6880000,0x00000000f6880000,0x00000000f7500000)
 ParOldGen       total 57856K, used 19112K [0x00000000c1c00000, 0x00000000c5480000, 0x00000000eb400000)
  object space 57856K, 33% used [0x00000000c1c00000,0x00000000c2eaa070,0x00000000c5480000)
 Metaspace       used 36079K, capacity 37288K, committed 37592K, reserved 1081344K
  class space    used 4557K, capacity 4814K, committed 4864K, reserved 1048576K
}
Event: 17.174 GC heap before
{Heap before GC invocations=14 (full 2):
 PSYoungGen      total 147968K, used 137572K [0x00000000eb400000, 0x00000000f7500000, 0x0000000100000000)
  eden space 135168K, 100% used [0x00000000eb400000,0x00000000f3800000,0x00000000f3800000)
  from space 12800K, 18% used [0x00000000f3800000,0x00000000f3a590d8,0x00000000f4480000)
  to   space 12800K, 0% used [0x00000000f6880000,0x00000000f6880000,0x00000000f7500000)
 ParOldGen       total 57856K, used 19112K [0x00000000c1c00000, 0x00000000c5480000, 0x00000000eb400000)
  object space 57856K, 33% used [0x00000000c1c00000,0x00000000c2eaa070,0x00000000c5480000)
 Metaspace       used 40709K, capacity 42082K, committed 42328K, reserved 1085440K
  class space    used 5198K, capacity 5501K, committed 5504K, reserved 1048576K
Event: 17.190 GC heap after
Heap after GC invocations=14 (full 2):
 PSYoungGen      total 184832K, used 8283K [0x00000000eb400000, 0x00000000f7500000, 0x0000000100000000)
  eden space 172032K, 0% used [0x00000000eb400000,0x00000000eb400000,0x00000000f5c00000)
  from space 12800K, 64% used [0x00000000f6880000,0x00000000f7096c38,0x00000000f7500000)
  to   space 12800K, 0% used [0x00000000f5c00000,0x00000000f5c00000,0x00000000f6880000)
 ParOldGen       total 57856K, used 19120K [0x00000000c1c00000, 0x00000000c5480000, 0x00000000eb400000)
  object space 57856K, 33% used [0x00000000c1c00000,0x00000000c2eac070,0x00000000c5480000)
 Metaspace       used 40709K, capacity 42082K, committed 42328K, reserved 1085440K
  class space    used 5198K, capacity 5501K, committed 5504K, reserved 1048576K
}
Event: 20.145 GC heap before
{Heap before GC invocations=15 (full 2):
 PSYoungGen      total 184832K, used 180315K [0x00000000eb400000, 0x00000000f7500000, 0x0000000100000000)
  eden space 172032K, 100% used [0x00000000eb400000,0x00000000f5c00000,0x00000000f5c00000)
  from space 12800K, 64% used [0x00000000f6880000,0x00000000f7096c38,0x00000000f7500000)
  to   space 12800K, 0% used [0x00000000f5c00000,0x00000000f5c00000,0x00000000f6880000)
 ParOldGen       total 57856K, used 19120K [0x00000000c1c00000, 0x00000000c5480000, 0x00000000eb400000)
  object space 57856K, 33% used [0x00000000c1c00000,0x00000000c2eac070,0x00000000c5480000)
 Metaspace       used 44497K, capacity 46442K, committed 46552K, reserved 1089536K
  class space    used 5682K, capacity 6037K, committed 6144K, reserved 1048576K
Event: 20.192 GC heap after
Heap after GC invocations=15 (full 2):
 PSYoungGen      total 184832K, used 12778K [0x00000000eb400000, 0x00000000f7500000, 0x0000000100000000)
  eden space 172032K, 0% used [0x00000000eb400000,0x00000000eb400000,0x00000000f5c00000)
  from space 12800K, 99% used [0x00000000f5c00000,0x00000000f687aad8,0x00000000f6880000)
  to   space 12800K, 0% used [0x00000000f6880000,0x00000000f6880000,0x00000000f7500000)
 ParOldGen       total 57856K, used 20329K [0x00000000c1c00000, 0x00000000c5480000, 0x00000000eb400000)
  object space 57856K, 35% used [0x00000000c1c00000,0x00000000c2fda620,0x00000000c5480000)
 Metaspace       used 44497K, capacity 46442K, committed 46552K, reserved 1089536K
  class space    used 5682K, capacity 6037K, committed 6144K, reserved 1048576K
}

