# JRE version: Java(TM) SE Runtime Environment (8.0_231-b11) (build 1.8.0_231-b11)
# Java VM: Java HotSpot(TM) 64-Bit Server VM (25.231-b11 mixed mode windows-amd64 compressed oops)
Heap:
 PSYoungGen      total 121344K, used 29453K [0x00000000eb400000, 0x00000000f3980000, 0x0000000100000000)
  eden space 111616K, 17% used [0x00000000eb400000,0x00000000ec745760,0x00000000f2100000)
  from space 9728K, 99% used [0x00000000f2c80000,0x00000000f35fe070,0x00000000f3600000)
  to   space 11776K, 0% used [0x00000000f2100000,0x00000000f2100000,0x00000000f2c80000)
 ParOldGen       total 58368K, used 23031K [0x00000000c1c00000, 0x00000000c5500000, 0x00000000eb400000)
  object space 58368K, 39% used [0x00000000c1c00000,0x00000000c327dfb0,0x00000000c5500000)
 Metaspace       used 44523K, capacity 46390K, committed 46552K, reserved 1089536K
  class space    used 5690K, capacity 6039K, committed 6144K, reserved 1048576K
GC Heap History (10 events):
Event: 17.005 GC heap before
{Heap before GC invocations=18 (full 2):
 PSYoungGen      total 73216K, used 65536K [0x00000000eb400000, 0x00000000f1300000, 0x0000000100000000)
  eden space 65536K, 100% used [0x00000000eb400000,0x00000000ef400000,0x00000000ef400000)
  from space 7680K, 0% used [0x00000000ef400000,0x00000000ef400000,0x00000000efb80000)
  to   space 7168K, 0% used [0x00000000f0c00000,0x00000000f0c00000,0x00000000f1300000)
 ParOldGen       total 58368K, used 18000K [0x00000000c1c00000, 0x00000000c5500000, 0x00000000eb400000)
  object space 58368K, 30% used [0x00000000c1c00000,0x00000000c2d941a8,0x00000000c5500000)
 Metaspace       used 35810K, capacity 37096K, committed 37336K, reserved 1081344K
  class space    used 4550K, capacity 4812K, committed 4864K, reserved 1048576K
Event: 17.010 GC heap after
Heap after GC invocations=18 (full 2):
 PSYoungGen      total 90112K, used 1931K [0x00000000eb400000, 0x00000000f1380000, 0x0000000100000000)
  eden space 82944K, 0% used [0x00000000eb400000,0x00000000eb400000,0x00000000f0500000)
  from space 7168K, 26% used [0x00000000f0c00000,0x00000000f0de2f18,0x00000000f1300000)
  to   space 7168K, 0% used [0x00000000f0500000,0x00000000f0500000,0x00000000f0c00000)
 ParOldGen       total 58368K, used 18008K [0x00000000c1c00000, 0x00000000c5500000, 0x00000000eb400000)
  object space 58368K, 30% used [0x00000000c1c00000,0x00000000c2d961a8,0x00000000c5500000)
 Metaspace       used 35810K, capacity 37096K, committed 37336K, reserved 1081344K
  class space    used 4550K, capacity 4812K, committed 4864K, reserved 1048576K
}
Event: 17.310 GC heap before
{Heap before GC invocations=19 (full 2):
 PSYoungGen      total 90112K, used 84875K [0x00000000eb400000, 0x00000000f1380000, 0x0000000100000000)
  eden space 82944K, 100% used [0x00000000eb400000,0x00000000f0500000,0x00000000f0500000)
  from space 7168K, 26% used [0x00000000f0c00000,0x00000000f0de2f18,0x00000000f1300000)
  to   space 7168K, 0% used [0x00000000f0500000,0x00000000f0500000,0x00000000f0c00000)
 ParOldGen       total 58368K, used 18008K [0x00000000c1c00000, 0x00000000c5500000, 0x00000000eb400000)
  object space 58368K, 30% used [0x00000000c1c00000,0x00000000c2d961a8,0x00000000c5500000)
 Metaspace       used 36091K, capacity 37332K, committed 37592K, reserved 1081344K
  class space    used 4557K, capacity 4846K, committed 4864K, reserved 1048576K
Event: 17.314 GC heap after
Heap after GC invocations=19 (full 2):
 PSYoungGen      total 90112K, used 1840K [0x00000000eb400000, 0x00000000f2200000, 0x0000000100000000)
  eden space 82944K, 0% used [0x00000000eb400000,0x00000000eb400000,0x00000000f0500000)
  from space 7168K, 25% used [0x00000000f0500000,0x00000000f06cc040,0x00000000f0c00000)
  to   space 7680K, 0% used [0x00000000f1a80000,0x00000000f1a80000,0x00000000f2200000)
 ParOldGen       total 58368K, used 18016K [0x00000000c1c00000, 0x00000000c5500000, 0x00000000eb400000)
  object space 58368K, 30% used [0x00000000c1c00000,0x00000000c2d981a8,0x00000000c5500000)
 Metaspace       used 36091K, capacity 37332K, committed 37592K, reserved 1081344K
  class space    used 4557K, capacity 4846K, committed 4864K, reserved 1048576K
}
Event: 18.231 GC heap before
{Heap before GC invocations=20 (full 2):
 PSYoungGen      total 90112K, used 84784K [0x00000000eb400000, 0x00000000f2200000, 0x0000000100000000)
  eden space 82944K, 100% used [0x00000000eb400000,0x00000000f0500000,0x00000000f0500000)
  from space 7168K, 25% used [0x00000000f0500000,0x00000000f06cc040,0x00000000f0c00000)
  to   space 7680K, 0% used [0x00000000f1a80000,0x00000000f1a80000,0x00000000f2200000)
 ParOldGen       total 58368K, used 18016K [0x00000000c1c00000, 0x00000000c5500000, 0x00000000eb400000)
  object space 58368K, 30% used [0x00000000c1c00000,0x00000000c2d981a8,0x00000000c5500000)
 Metaspace       used 38151K, capacity 39380K, committed 39512K, reserved 1083392K
  class space    used 4887K, capacity 5158K, committed 5248K, reserved 1048576K
Event: 18.242 GC heap after
Heap after GC invocations=20 (full 2):
 PSYoungGen      total 103936K, used 4953K [0x00000000eb400000, 0x00000000f2180000, 0x0000000100000000)
  eden space 96768K, 0% used [0x00000000eb400000,0x00000000eb400000,0x00000000f1280000)
  from space 7168K, 69% used [0x00000000f1a80000,0x00000000f1f565e8,0x00000000f2180000)
  to   space 7680K, 0% used [0x00000000f1280000,0x00000000f1280000,0x00000000f1a00000)
 ParOldGen       total 58368K, used 18024K [0x00000000c1c00000, 0x00000000c5500000, 0x00000000eb400000)
  object space 58368K, 30% used [0x00000000c1c00000,0x00000000c2d9a1a8,0x00000000c5500000)
 Metaspace       used 38151K, capacity 39380K, committed 39512K, reserved 1083392K
  class space    used 4887K, capacity 5158K, committed 5248K, reserved 1048576K
}
Event: 19.619 GC heap before
{Heap before GC invocations=21 (full 2):
 PSYoungGen      total 103936K, used 101721K [0x00000000eb400000, 0x00000000f2180000, 0x0000000100000000)
  eden space 96768K, 100% used [0x00000000eb400000,0x00000000f1280000,0x00000000f1280000)
  from space 7168K, 69% used [0x00000000f1a80000,0x00000000f1f565e8,0x00000000f2180000)
  to   space 7680K, 0% used [0x00000000f1280000,0x00000000f1280000,0x00000000f1a00000)
 ParOldGen       total 58368K, used 18024K [0x00000000c1c00000, 0x00000000c5500000, 0x00000000eb400000)
  object space 58368K, 30% used [0x00000000c1c00000,0x00000000c2d9a1a8,0x00000000c5500000)
 Metaspace       used 42039K, capacity 43404K, committed 43608K, reserved 1087488K
  class space    used 5359K, capacity 5672K, committed 5760K, reserved 1048576K
Event: 19.649 GC heap after
Heap after GC invocations=21 (full 2):
 PSYoungGen      total 104448K, used 7671K [0x00000000eb400000, 0x00000000f3600000, 0x0000000100000000)
  eden space 96768K, 0% used [0x00000000eb400000,0x00000000eb400000,0x00000000f1280000)
  from space 7680K, 99% used [0x00000000f1280000,0x00000000f19fdcf0,0x00000000f1a00000)
  to   space 9728K, 0% used [0x00000000f2c80000,0x00000000f2c80000,0x00000000f3600000)
 ParOldGen       total 58368K, used 20585K [0x00000000c1c00000, 0x00000000c5500000, 0x00000000eb400000)
  object space 58368K, 35% used [0x00000000c1c00000,0x00000000c301a568,0x00000000c5500000)
 Metaspace       used 42039K, capacity 43404K, committed 43608K, reserved 1087488K
  class space    used 5359K, capacity 5672K, committed 5760K, reserved 1048576K
}
Event: 21.314 GC heap before
{Heap before GC invocations=22 (full 2):
 PSYoungGen      total 104448K, used 104439K [0x00000000eb400000, 0x00000000f3600000, 0x0000000100000000)
  eden space 96768K, 100% used [0x00000000eb400000,0x00000000f1280000,0x00000000f1280000)
  from space 7680K, 99% used [0x00000000f1280000,0x00000000f19fdcf0,0x00000000f1a00000)
  to   space 9728K, 0% used [0x00000000f2c80000,0x00000000f2c80000,0x00000000f3600000)
 ParOldGen       total 58368K, used 20585K [0x00000000c1c00000, 0x00000000c5500000, 0x00000000eb400000)
  object space 58368K, 35% used [0x00000000c1c00000,0x00000000c301a568,0x00000000c5500000)
 Metaspace       used 44319K, capacity 46226K, committed 46552K, reserved 1089536K
  class space    used 5666K, capacity 6031K, committed 6144K, reserved 1048576K
Event: 21.340 GC heap after
Heap after GC invocations=22 (full 2):
 PSYoungGen      total 121344K, used 9720K [0x00000000eb400000, 0x00000000f3980000, 0x0000000100000000)
  eden space 111616K, 0% used [0x00000000eb400000,0x00000000eb400000,0x00000000f2100000)
  from space 9728K, 99% used [0x00000000f2c80000,0x00000000f35fe070,0x00000000f3600000)
  to   space 11776K, 0% used [0x00000000f2100000,0x00000000f2100000,0x00000000f2c80000)
 ParOldGen       total 58368K, used 23031K [0x00000000c1c00000, 0x00000000c5500000, 0x00000000eb400000)
  object space 58368K, 39% used [0x00000000c1c00000,0x00000000c327dfb0,0x00000000c5500000)
 Metaspace       used 44319K, capacity 46226K, committed 46552K, reserved 1089536K
  class space    used 5666K, capacity 6031K, committed 6144K, reserved 1048576K
}

