# JRE version: Java(TM) SE Runtime Environment (8.0_231-b11) (build 1.8.0_231-b11)
# Java VM: Java HotSpot(TM) 64-Bit Server VM (25.231-b11 mixed mode windows-amd64 compressed oops)
Heap:
 PSYoungGen      total 156672K, used 143225K [0x00000000eb400000, 0x00000000f8400000, 0x0000000100000000)
  eden space 143872K, 97% used [0x00000000eb400000,0x00000000f3d46fb0,0x00000000f4080000)
  from space 12800K, 20% used [0x00000000f4080000,0x00000000f43177b0,0x00000000f4d00000)
  to   space 12800K, 0% used [0x00000000f7780000,0x00000000f7780000,0x00000000f8400000)
 ParOldGen       total 57344K, used 19733K [0x00000000c1c00000, 0x00000000c5400000, 0x00000000eb400000)
  object space 57344K, 34% used [0x00000000c1c00000,0x00000000c2f456b0,0x00000000c5400000)
 Metaspace       used 41056K, capacity 42446K, committed 42712K, reserved 1087488K
  class space    used 5242K, capacity 5533K, committed 5632K, reserved 1048576K
GC Heap History (10 events):
Event: 6.617 GC heap before
{Heap before GC invocations=9 (full 1):
 PSYoungGen      total 71168K, used 65024K [0x00000000eb400000, 0x00000000f3f00000, 0x0000000100000000)
  eden space 65024K, 100% used [0x00000000eb400000,0x00000000ef380000,0x00000000ef380000)
  from space 6144K, 0% used [0x00000000ef380000,0x00000000ef380000,0x00000000ef980000)
  to   space 6144K, 0% used [0x00000000f3900000,0x00000000f3900000,0x00000000f3f00000)
 ParOldGen       total 32256K, used 7206K [0x00000000c1c00000, 0x00000000c3b80000, 0x00000000eb400000)
  object space 32256K, 22% used [0x00000000c1c00000,0x00000000c2309a68,0x00000000c3b80000)
 Metaspace       used 24629K, capacity 25432K, committed 25728K, reserved 1071104K
  class space    used 3139K, capacity 3334K, committed 3456K, reserved 1048576K
Event: 6.642 GC heap after
Heap after GC invocations=9 (full 1):
 PSYoungGen      total 112128K, used 6138K [0x00000000eb400000, 0x00000000f3f00000, 0x0000000100000000)
  eden space 105984K, 0% used [0x00000000eb400000,0x00000000eb400000,0x00000000f1b80000)
  from space 6144K, 99% used [0x00000000f3900000,0x00000000f3efeb28,0x00000000f3f00000)
  to   space 7680K, 0% used [0x00000000f3000000,0x00000000f3000000,0x00000000f3780000)
 ParOldGen       total 32256K, used 9090K [0x00000000c1c00000, 0x00000000c3b80000, 0x00000000eb400000)
  object space 32256K, 28% used [0x00000000c1c00000,0x00000000c24e0a30,0x00000000c3b80000)
 Metaspace       used 24629K, capacity 25432K, committed 25728K, reserved 1071104K
  class space    used 3139K, capacity 3334K, committed 3456K, reserved 1048576K
}
Event: 8.833 GC heap before
{Heap before GC invocations=10 (full 1):
 PSYoungGen      total 112128K, used 112122K [0x00000000eb400000, 0x00000000f3f00000, 0x0000000100000000)
  eden space 105984K, 100% used [0x00000000eb400000,0x00000000f1b80000,0x00000000f1b80000)
  from space 6144K, 99% used [0x00000000f3900000,0x00000000f3efeb28,0x00000000f3f00000)
  to   space 7680K, 0% used [0x00000000f3000000,0x00000000f3000000,0x00000000f3780000)
 ParOldGen       total 32256K, used 9090K [0x00000000c1c00000, 0x00000000c3b80000, 0x00000000eb400000)
  object space 32256K, 28% used [0x00000000c1c00000,0x00000000c24e0a30,0x00000000c3b80000)
 Metaspace       used 29089K, capacity 30050K, committed 30336K, reserved 1075200K
  class space    used 3713K, capacity 3935K, committed 3968K, reserved 1048576K
Event: 8.874 GC heap after
Heap after GC invocations=10 (full 1):
 PSYoungGen      total 134656K, used 7664K [0x00000000eb400000, 0x00000000f5800000, 0x0000000100000000)
  eden space 126976K, 0% used [0x00000000eb400000,0x00000000eb400000,0x00000000f3000000)
  from space 7680K, 99% used [0x00000000f3000000,0x00000000f377c030,0x00000000f3780000)
  to   space 11264K, 0% used [0x00000000f4d00000,0x00000000f4d00000,0x00000000f5800000)
 ParOldGen       total 32256K, used 15512K [0x00000000c1c00000, 0x00000000c3b80000, 0x00000000eb400000)
  object space 32256K, 48% used [0x00000000c1c00000,0x00000000c2b262d0,0x00000000c3b80000)
 Metaspace       used 29089K, capacity 30050K, committed 30336K, reserved 1075200K
  class space    used 3713K, capacity 3935K, committed 3968K, reserved 1048576K
}
Event: 11.326 GC heap before
{Heap before GC invocations=11 (full 1):
 PSYoungGen      total 134656K, used 98510K [0x00000000eb400000, 0x00000000f5800000, 0x0000000100000000)
  eden space 126976K, 71% used [0x00000000eb400000,0x00000000f0cb7a50,0x00000000f3000000)
  from space 7680K, 99% used [0x00000000f3000000,0x00000000f377c030,0x00000000f3780000)
  to   space 11264K, 0% used [0x00000000f4d00000,0x00000000f4d00000,0x00000000f5800000)
 ParOldGen       total 32256K, used 15512K [0x00000000c1c00000, 0x00000000c3b80000, 0x00000000eb400000)
  object space 32256K, 48% used [0x00000000c1c00000,0x00000000c2b262d0,0x00000000c3b80000)
 Metaspace       used 34083K, capacity 35294K, committed 35416K, reserved 1079296K
  class space    used 4366K, capacity 4643K, committed 4736K, reserved 1048576K
Event: 11.353 GC heap after
Heap after GC invocations=11 (full 1):
 PSYoungGen      total 155136K, used 10860K [0x00000000eb400000, 0x00000000f7400000, 0x0000000100000000)
  eden space 143872K, 0% used [0x00000000eb400000,0x00000000eb400000,0x00000000f4080000)
  from space 11264K, 96% used [0x00000000f4d00000,0x00000000f579b248,0x00000000f5800000)
  to   space 12800K, 0% used [0x00000000f4080000,0x00000000f4080000,0x00000000f4d00000)
 ParOldGen       total 32256K, used 18560K [0x00000000c1c00000, 0x00000000c3b80000, 0x00000000eb400000)
  object space 32256K, 57% used [0x00000000c1c00000,0x00000000c2e202f0,0x00000000c3b80000)
 Metaspace       used 34083K, capacity 35294K, committed 35416K, reserved 1079296K
  class space    used 4366K, capacity 4643K, committed 4736K, reserved 1048576K
}
Event: 11.353 GC heap before
{Heap before GC invocations=12 (full 2):
 PSYoungGen      total 155136K, used 10860K [0x00000000eb400000, 0x00000000f7400000, 0x0000000100000000)
  eden space 143872K, 0% used [0x00000000eb400000,0x00000000eb400000,0x00000000f4080000)
  from space 11264K, 96% used [0x00000000f4d00000,0x00000000f579b248,0x00000000f5800000)
  to   space 12800K, 0% used [0x00000000f4080000,0x00000000f4080000,0x00000000f4d00000)
 ParOldGen       total 32256K, used 18560K [0x00000000c1c00000, 0x00000000c3b80000, 0x00000000eb400000)
  object space 32256K, 57% used [0x00000000c1c00000,0x00000000c2e202f0,0x00000000c3b80000)
 Metaspace       used 34083K, capacity 35294K, committed 35416K, reserved 1079296K
  class space    used 4366K, capacity 4643K, committed 4736K, reserved 1048576K
Event: 11.473 GC heap after
Heap after GC invocations=12 (full 2):
 PSYoungGen      total 155136K, used 0K [0x00000000eb400000, 0x00000000f7400000, 0x0000000100000000)
  eden space 143872K, 0% used [0x00000000eb400000,0x00000000eb400000,0x00000000f4080000)
  from space 11264K, 0% used [0x00000000f4d00000,0x00000000f4d00000,0x00000000f5800000)
  to   space 12800K, 0% used [0x00000000f4080000,0x00000000f4080000,0x00000000f4d00000)
 ParOldGen       total 57344K, used 19725K [0x00000000c1c00000, 0x00000000c5400000, 0x00000000eb400000)
  object space 57344K, 34% used [0x00000000c1c00000,0x00000000c2f436b0,0x00000000c5400000)
 Metaspace       used 34083K, capacity 35294K, committed 35416K, reserved 1079296K
  class space    used 4366K, capacity 4643K, committed 4736K, reserved 1048576K
}
Event: 12.234 GC heap before
{Heap before GC invocations=13 (full 2):
 PSYoungGen      total 155136K, used 143872K [0x00000000eb400000, 0x00000000f7400000, 0x0000000100000000)
  eden space 143872K, 100% used [0x00000000eb400000,0x00000000f4080000,0x00000000f4080000)
  from space 11264K, 0% used [0x00000000f4d00000,0x00000000f4d00000,0x00000000f5800000)
  to   space 12800K, 0% used [0x00000000f4080000,0x00000000f4080000,0x00000000f4d00000)
 ParOldGen       total 57344K, used 19725K [0x00000000c1c00000, 0x00000000c5400000, 0x00000000eb400000)
  object space 57344K, 34% used [0x00000000c1c00000,0x00000000c2f436b0,0x00000000c5400000)
 Metaspace       used 36104K, capacity 37308K, committed 37592K, reserved 1081344K
  class space    used 4558K, capacity 4814K, committed 4864K, reserved 1048576K
Event: 12.240 GC heap after
Heap after GC invocations=13 (full 2):
 PSYoungGen      total 156672K, used 2653K [0x00000000eb400000, 0x00000000f8400000, 0x0000000100000000)
  eden space 143872K, 0% used [0x00000000eb400000,0x00000000eb400000,0x00000000f4080000)
  from space 12800K, 20% used [0x00000000f4080000,0x00000000f43177b0,0x00000000f4d00000)
  to   space 12800K, 0% used [0x00000000f7780000,0x00000000f7780000,0x00000000f8400000)
 ParOldGen       total 57344K, used 19733K [0x00000000c1c00000, 0x00000000c5400000, 0x00000000eb400000)
  object space 57344K, 34% used [0x00000000c1c00000,0x00000000c2f456b0,0x00000000c5400000)
 Metaspace       used 36104K, capacity 37308K, committed 37592K, reserved 1081344K
  class space    used 4558K, capacity 4814K, committed 4864K, reserved 1048576K
}

