# JRE version: Java(TM) SE Runtime Environment (8.0_231-b11) (build 1.8.0_231-b11)
# Java VM: Java HotSpot(TM) 64-Bit Server VM (25.231-b11 mixed mode windows-amd64 compressed oops)
Heap:
 PSYoungGen      total 187904K, used 16093K [0x00000000eb400000, 0x00000000f7800000, 0x0000000100000000)
  eden space 175104K, 1% used [0x00000000eb400000,0x00000000eb73c0e8,0x00000000f5f00000)
  from space 12800K, 99% used [0x00000000f5f00000,0x00000000f6b7b3b0,0x00000000f6b80000)
  to   space 11776K, 0% used [0x00000000f6c80000,0x00000000f6c80000,0x00000000f7800000)
 ParOldGen       total 33792K, used 21104K [0x00000000c1c00000, 0x00000000c3d00000, 0x00000000eb400000)
  object space 33792K, 62% used [0x00000000c1c00000,0x00000000c309c210,0x00000000c3d00000)
 Metaspace       used 44556K, capacity 46458K, committed 46808K, reserved 1089536K
  class space    used 5694K, capacity 6039K, committed 6144K, reserved 1048576K
GC Heap History (10 events):
Event: 12.770 GC heap before
{Heap before GC invocations=11 (full 1):
 PSYoungGen      total 135168K, used 97154K [0x00000000eb400000, 0x00000000f5180000, 0x0000000100000000)
  eden space 126976K, 70% used [0x00000000eb400000,0x00000000f0ae4a50,0x00000000f3000000)
  from space 8192K, 99% used [0x00000000f3000000,0x00000000f37fc030,0x00000000f3800000)
  to   space 11264K, 0% used [0x00000000f4680000,0x00000000f4680000,0x00000000f5180000)
 ParOldGen       total 33792K, used 14484K [0x00000000c1c00000, 0x00000000c3d00000, 0x00000000eb400000)
  object space 33792K, 42% used [0x00000000c1c00000,0x00000000c2a252f0,0x00000000c3d00000)
 Metaspace       used 34094K, capacity 35298K, committed 35416K, reserved 1079296K
  class space    used 4361K, capacity 4643K, committed 4736K, reserved 1048576K
Event: 12.793 GC heap after
Heap after GC invocations=11 (full 1):
 PSYoungGen      total 148480K, used 10776K [0x00000000eb400000, 0x00000000f7080000, 0x0000000100000000)
  eden space 137216K, 0% used [0x00000000eb400000,0x00000000eb400000,0x00000000f3a00000)
  from space 11264K, 95% used [0x00000000f4680000,0x00000000f51063a8,0x00000000f5180000)
  to   space 12800K, 0% used [0x00000000f3a00000,0x00000000f3a00000,0x00000000f4680000)
 ParOldGen       total 33792K, used 18077K [0x00000000c1c00000, 0x00000000c3d00000, 0x00000000eb400000)
  object space 33792K, 53% used [0x00000000c1c00000,0x00000000c2da7788,0x00000000c3d00000)
 Metaspace       used 34094K, capacity 35298K, committed 35416K, reserved 1079296K
  class space    used 4361K, capacity 4643K, committed 4736K, reserved 1048576K
}
Event: 12.794 GC heap before
{Heap before GC invocations=12 (full 2):
 PSYoungGen      total 148480K, used 10776K [0x00000000eb400000, 0x00000000f7080000, 0x0000000100000000)
  eden space 137216K, 0% used [0x00000000eb400000,0x00000000eb400000,0x00000000f3a00000)
  from space 11264K, 95% used [0x00000000f4680000,0x00000000f51063a8,0x00000000f5180000)
  to   space 12800K, 0% used [0x00000000f3a00000,0x00000000f3a00000,0x00000000f4680000)
 ParOldGen       total 33792K, used 18077K [0x00000000c1c00000, 0x00000000c3d00000, 0x00000000eb400000)
  object space 33792K, 53% used [0x00000000c1c00000,0x00000000c2da7788,0x00000000c3d00000)
 Metaspace       used 34094K, capacity 35298K, committed 35416K, reserved 1079296K
  class space    used 4361K, capacity 4643K, committed 4736K, reserved 1048576K
Event: 12.914 GC heap after
Heap after GC invocations=12 (full 2):
 PSYoungGen      total 148480K, used 0K [0x00000000eb400000, 0x00000000f7080000, 0x0000000100000000)
  eden space 137216K, 0% used [0x00000000eb400000,0x00000000eb400000,0x00000000f3a00000)
  from space 11264K, 0% used [0x00000000f4680000,0x00000000f4680000,0x00000000f5180000)
  to   space 12800K, 0% used [0x00000000f3a00000,0x00000000f3a00000,0x00000000f4680000)
 ParOldGen       total 33792K, used 19729K [0x00000000c1c00000, 0x00000000c3d00000, 0x00000000eb400000)
  object space 33792K, 58% used [0x00000000c1c00000,0x00000000c2f445f0,0x00000000c3d00000)
 Metaspace       used 34094K, capacity 35298K, committed 35416K, reserved 1079296K
  class space    used 4361K, capacity 4643K, committed 4736K, reserved 1048576K
}
Event: 13.726 GC heap before
{Heap before GC invocations=13 (full 2):
 PSYoungGen      total 148480K, used 137216K [0x00000000eb400000, 0x00000000f7080000, 0x0000000100000000)
  eden space 137216K, 100% used [0x00000000eb400000,0x00000000f3a00000,0x00000000f3a00000)
  from space 11264K, 0% used [0x00000000f4680000,0x00000000f4680000,0x00000000f5180000)
  to   space 12800K, 0% used [0x00000000f3a00000,0x00000000f3a00000,0x00000000f4680000)
 ParOldGen       total 33792K, used 19729K [0x00000000c1c00000, 0x00000000c3d00000, 0x00000000eb400000)
  object space 33792K, 58% used [0x00000000c1c00000,0x00000000c2f445f0,0x00000000c3d00000)
 Metaspace       used 36055K, capacity 37312K, committed 37592K, reserved 1081344K
  class space    used 4551K, capacity 4814K, committed 4864K, reserved 1048576K
Event: 13.731 GC heap after
Heap after GC invocations=13 (full 2):
 PSYoungGen      total 150016K, used 2580K [0x00000000eb400000, 0x00000000f7900000, 0x0000000100000000)
  eden space 137216K, 0% used [0x00000000eb400000,0x00000000eb400000,0x00000000f3a00000)
  from space 12800K, 20% used [0x00000000f3a00000,0x00000000f3c85138,0x00000000f4680000)
  to   space 12800K, 0% used [0x00000000f6c80000,0x00000000f6c80000,0x00000000f7900000)
 ParOldGen       total 33792K, used 19737K [0x00000000c1c00000, 0x00000000c3d00000, 0x00000000eb400000)
  object space 33792K, 58% used [0x00000000c1c00000,0x00000000c2f465f0,0x00000000c3d00000)
 Metaspace       used 36055K, capacity 37312K, committed 37592K, reserved 1081344K
  class space    used 4551K, capacity 4814K, committed 4864K, reserved 1048576K
}
Event: 15.141 GC heap before
{Heap before GC invocations=14 (full 2):
 PSYoungGen      total 150016K, used 139796K [0x00000000eb400000, 0x00000000f7900000, 0x0000000100000000)
  eden space 137216K, 100% used [0x00000000eb400000,0x00000000f3a00000,0x00000000f3a00000)
  from space 12800K, 20% used [0x00000000f3a00000,0x00000000f3c85138,0x00000000f4680000)
  to   space 12800K, 0% used [0x00000000f6c80000,0x00000000f6c80000,0x00000000f7900000)
 ParOldGen       total 33792K, used 19737K [0x00000000c1c00000, 0x00000000c3d00000, 0x00000000eb400000)
  object space 33792K, 58% used [0x00000000c1c00000,0x00000000c2f465f0,0x00000000c3d00000)
 Metaspace       used 40669K, capacity 42028K, committed 42072K, reserved 1085440K
  class space    used 5195K, capacity 5500K, committed 5504K, reserved 1048576K
Event: 15.157 GC heap after
Heap after GC invocations=14 (full 2):
 PSYoungGen      total 186880K, used 8033K [0x00000000eb400000, 0x00000000f7800000, 0x0000000100000000)
  eden space 175104K, 0% used [0x00000000eb400000,0x00000000eb400000,0x00000000f5f00000)
  from space 11776K, 68% used [0x00000000f6c80000,0x00000000f7458720,0x00000000f7800000)
  to   space 12800K, 0% used [0x00000000f5f00000,0x00000000f5f00000,0x00000000f6b80000)
 ParOldGen       total 33792K, used 19745K [0x00000000c1c00000, 0x00000000c3d00000, 0x00000000eb400000)
  object space 33792K, 58% used [0x00000000c1c00000,0x00000000c2f485f0,0x00000000c3d00000)
 Metaspace       used 40669K, capacity 42028K, committed 42072K, reserved 1085440K
  class space    used 5195K, capacity 5500K, committed 5504K, reserved 1048576K
}
Event: 17.725 GC heap before
{Heap before GC invocations=15 (full 2):
 PSYoungGen      total 186880K, used 183137K [0x00000000eb400000, 0x00000000f7800000, 0x0000000100000000)
  eden space 175104K, 100% used [0x00000000eb400000,0x00000000f5f00000,0x00000000f5f00000)
  from space 11776K, 68% used [0x00000000f6c80000,0x00000000f7458720,0x00000000f7800000)
  to   space 12800K, 0% used [0x00000000f5f00000,0x00000000f5f00000,0x00000000f6b80000)
 ParOldGen       total 33792K, used 19745K [0x00000000c1c00000, 0x00000000c3d00000, 0x00000000eb400000)
  object space 33792K, 58% used [0x00000000c1c00000,0x00000000c2f485f0,0x00000000c3d00000)
 Metaspace       used 44481K, capacity 46384K, committed 46552K, reserved 1089536K
  class space    used 5680K, capacity 6036K, committed 6144K, reserved 1048576K
Event: 17.769 GC heap after
Heap after GC invocations=15 (full 2):
 PSYoungGen      total 187904K, used 12780K [0x00000000eb400000, 0x00000000f7800000, 0x0000000100000000)
  eden space 175104K, 0% used [0x00000000eb400000,0x00000000eb400000,0x00000000f5f00000)
  from space 12800K, 99% used [0x00000000f5f00000,0x00000000f6b7b3b0,0x00000000f6b80000)
  to   space 11776K, 0% used [0x00000000f6c80000,0x00000000f6c80000,0x00000000f7800000)
 ParOldGen       total 33792K, used 21104K [0x00000000c1c00000, 0x00000000c3d00000, 0x00000000eb400000)
  object space 33792K, 62% used [0x00000000c1c00000,0x00000000c309c210,0x00000000c3d00000)
 Metaspace       used 44481K, capacity 46384K, committed 46552K, reserved 1089536K
  class space    used 5680K, capacity 6036K, committed 6144K, reserved 1048576K
}

